mode: atomic
github.com/Meesho/BharatMLStack/mnemo/schema/keys.go:32.47,34.2 1 11
github.com/Meesho/BharatMLStack/mnemo/schema/keys.go:37.49,39.2 1 1
github.com/Meesho/BharatMLStack/mnemo/schema/keys.go:42.50,44.2 1 1
github.com/Meesho/BharatMLStack/mnemo/schema/keys.go:47.53,49.2 1 1
github.com/Meesho/BharatMLStack/mnemo/schema/keys.go:52.55,54.2 1 1
github.com/Meesho/BharatMLStack/mnemo/schema/keys.go:57.55,59.2 1 1
github.com/Meesho/BharatMLStack/mnemo/schema/keys.go:66.60,68.2 1 2
github.com/Meesho/BharatMLStack/mnemo/schema/keys.go:71.55,73.2 1 1
github.com/Meesho/BharatMLStack/mnemo/schema/keys.go:80.54,82.2 1 2
github.com/Meesho/BharatMLStack/mnemo/schema/keys.go:85.50,87.2 1 1
