mode: atomic
github.com/Meesho/BharatMLStack/mnemo/controlplane/internal/coverage/checker.go:27.34,28.18 1 0
github.com/Meesho/BharatMLStack/mnemo/controlplane/internal/coverage/checker.go:28.18,30.3 1 0
github.com/Meesho/BharatMLStack/mnemo/controlplane/internal/coverage/checker.go:31.2,31.43 1 0
github.com/Meesho/BharatMLStack/mnemo/controlplane/internal/coverage/checker.go:35.36,37.2 1 0
github.com/Meesho/BharatMLStack/mnemo/controlplane/internal/coverage/checker.go:50.36,52.2 1 0
github.com/Meesho/BharatMLStack/mnemo/controlplane/internal/coverage/checker.go:55.110,57.16 2 0
github.com/Meesho/BharatMLStack/mnemo/controlplane/internal/coverage/checker.go:57.16,59.3 1 0
github.com/Meesho/BharatMLStack/mnemo/controlplane/internal/coverage/checker.go:61.2,64.34 3 0
github.com/Meesho/BharatMLStack/mnemo/controlplane/internal/coverage/checker.go:64.34,66.31 2 0
github.com/Meesho/BharatMLStack/mnemo/controlplane/internal/coverage/checker.go:66.31,68.4 1 0
github.com/Meesho/BharatMLStack/mnemo/controlplane/internal/coverage/checker.go:68.9,70.4 1 0
github.com/Meesho/BharatMLStack/mnemo/controlplane/internal/coverage/checker.go:72.2,73.20 2 0
github.com/Meesho/BharatMLStack/mnemo/controlplane/internal/etcdstate/client.go:121.87,123.16 2 0
github.com/Meesho/BharatMLStack/mnemo/controlplane/internal/etcdstate/client.go:123.16,125.3 1 0
github.com/Meesho/BharatMLStack/mnemo/controlplane/internal/etcdstate/client.go:126.2,126.24 1 0
github.com/Meesho/BharatMLStack/mnemo/controlplane/internal/etcdstate/client.go:126.24,128.3 1 0
github.com/Meesho/BharatMLStack/mnemo/controlplane/internal/etcdstate/client.go:129.2,130.52 2 0
github.com/Meesho/BharatMLStack/mnemo/controlplane/internal/etcdstate/client.go:133.71,136.2 2 0
github.com/Meesho/BharatMLStack/mnemo/controlplane/internal/etcdstate/client.go:138.94,140.16 2 0
github.com/Meesho/BharatMLStack/mnemo/controlplane/internal/etcdstate/client.go:140.16,142.3 1 0
github.com/Meesho/BharatMLStack/mnemo/controlplane/internal/etcdstate/client.go:143.2,144.30 2 0
github.com/Meesho/BharatMLStack/mnemo/controlplane/internal/etcdstate/client.go:144.30,146.3 1 0
github.com/Meesho/BharatMLStack/mnemo/controlplane/internal/etcdstate/client.go:147.2,147.20 1 0
github.com/Meesho/BharatMLStack/mnemo/controlplane/internal/etcdstate/client.go:150.103,152.26 2 0
github.com/Meesho/BharatMLStack/mnemo/controlplane/internal/etcdstate/client.go:152.26,154.3 1 0
github.com/Meesho/BharatMLStack/mnemo/controlplane/internal/etcdstate/client.go:155.2,159.16 2 0
github.com/Meesho/BharatMLStack/mnemo/controlplane/internal/etcdstate/client.go:159.16,161.3 1 0
github.com/Meesho/BharatMLStack/mnemo/controlplane/internal/etcdstate/client.go:162.2,162.21 1 0
github.com/Meesho/BharatMLStack/mnemo/controlplane/internal/etcdstate/client.go:162.21,164.3 1 0
github.com/Meesho/BharatMLStack/mnemo/controlplane/internal/etcdstate/client.go:165.2,165.12 1 0
github.com/Meesho/BharatMLStack/mnemo/controlplane/internal/etcdstate/client.go:168.127,170.28 2 0
github.com/Meesho/BharatMLStack/mnemo/controlplane/internal/etcdstate/client.go:170.28,172.3 1 0
github.com/Meesho/BharatMLStack/mnemo/controlplane/internal/etcdstate/client.go:173.2,177.16 2 0
github.com/Meesho/BharatMLStack/mnemo/controlplane/internal/etcdstate/client.go:177.16,179.3 1 0
github.com/Meesho/BharatMLStack/mnemo/controlplane/internal/etcdstate/client.go:180.2,180.28 1 0
github.com/Meesho/BharatMLStack/mnemo/controlplane/internal/etcdstate/client.go:190.71,195.16 2 0
github.com/Meesho/BharatMLStack/mnemo/controlplane/internal/etcdstate/client.go:195.16,197.3 1 0
github.com/Meesho/BharatMLStack/mnemo/controlplane/internal/etcdstate/client.go:198.2,201.8 1 0
github.com/Meesho/BharatMLStack/mnemo/controlplane/internal/etcdstate/client.go:207.61,210.2 2 0
github.com/Meesho/BharatMLStack/mnemo/controlplane/internal/etcdstate/client.go:213.41,215.2 1 0
github.com/Meesho/BharatMLStack/mnemo/controlplane/internal/etcdstate/store.go:17.89,26.2 2 0
github.com/Meesho/BharatMLStack/mnemo/controlplane/internal/etcdstate/store.go:30.100,32.16 2 0
github.com/Meesho/BharatMLStack/mnemo/controlplane/internal/etcdstate/store.go:32.16,34.3 1 0
github.com/Meesho/BharatMLStack/mnemo/controlplane/internal/etcdstate/store.go:35.2,35.12 1 0
github.com/Meesho/BharatMLStack/mnemo/controlplane/internal/etcdstate/store.go:35.12,37.3 1 0
github.com/Meesho/BharatMLStack/mnemo/controlplane/internal/etcdstate/store.go:39.2,60.62 8 0
github.com/Meesho/BharatMLStack/mnemo/controlplane/internal/etcdstate/store.go:60.62,62.3 1 0
github.com/Meesho/BharatMLStack/mnemo/controlplane/internal/etcdstate/store.go:65.2,65.66 1 0
github.com/Meesho/BharatMLStack/mnemo/controlplane/internal/etcdstate/store.go:65.66,67.3 1 0
github.com/Meesho/BharatMLStack/mnemo/controlplane/internal/etcdstate/store.go:69.2,69.19 1 0
github.com/Meesho/BharatMLStack/mnemo/controlplane/internal/etcdstate/store.go:74.120,76.16 2 0
github.com/Meesho/BharatMLStack/mnemo/controlplane/internal/etcdstate/store.go:76.16,78.3 1 0
github.com/Meesho/BharatMLStack/mnemo/controlplane/internal/etcdstate/store.go:79.2,79.12 1 0
github.com/Meesho/BharatMLStack/mnemo/controlplane/internal/etcdstate/store.go:79.12,81.3 1 0
github.com/Meesho/BharatMLStack/mnemo/controlplane/internal/etcdstate/store.go:83.2,84.16 2 0
github.com/Meesho/BharatMLStack/mnemo/controlplane/internal/etcdstate/store.go:84.16,86.3 1 0
github.com/Meesho/BharatMLStack/mnemo/controlplane/internal/etcdstate/store.go:87.2,87.12 1 0
github.com/Meesho/BharatMLStack/mnemo/controlplane/internal/etcdstate/store.go:87.12,89.3 1 0
github.com/Meesho/BharatMLStack/mnemo/controlplane/internal/etcdstate/store.go:91.2,92.75 2 0
github.com/Meesho/BharatMLStack/mnemo/controlplane/internal/etcdstate/store.go:97.118,99.16 2 0
github.com/Meesho/BharatMLStack/mnemo/controlplane/internal/etcdstate/store.go:99.16,101.3 1 0
github.com/Meesho/BharatMLStack/mnemo/controlplane/internal/etcdstate/store.go:102.2,102.12 1 0
github.com/Meesho/BharatMLStack/mnemo/controlplane/internal/etcdstate/store.go:102.12,104.3 1 0
github.com/Meesho/BharatMLStack/mnemo/controlplane/internal/etcdstate/store.go:105.2,106.59 2 0
github.com/Meesho/BharatMLStack/mnemo/controlplane/internal/etcdstate/store.go:106.59,108.3 1 0
github.com/Meesho/BharatMLStack/mnemo/controlplane/internal/etcdstate/store.go:109.2,109.19 1 0
github.com/Meesho/BharatMLStack/mnemo/controlplane/internal/etcdstate/store.go:115.128,117.16 2 0
github.com/Meesho/BharatMLStack/mnemo/controlplane/internal/etcdstate/store.go:117.16,119.3 1 0
github.com/Meesho/BharatMLStack/mnemo/controlplane/internal/etcdstate/store.go:120.2,120.12 1 0
github.com/Meesho/BharatMLStack/mnemo/controlplane/internal/etcdstate/store.go:120.12,122.3 1 0
github.com/Meesho/BharatMLStack/mnemo/controlplane/internal/etcdstate/store.go:123.2,126.16 3 0
github.com/Meesho/BharatMLStack/mnemo/controlplane/internal/etcdstate/store.go:126.16,128.3 1 0
github.com/Meesho/BharatMLStack/mnemo/controlplane/internal/etcdstate/store.go:130.2,131.16 2 0
github.com/Meesho/BharatMLStack/mnemo/controlplane/internal/etcdstate/store.go:131.16,133.3 1 0
github.com/Meesho/BharatMLStack/mnemo/controlplane/internal/etcdstate/store.go:134.2,148.16 7 0
github.com/Meesho/BharatMLStack/mnemo/controlplane/internal/etcdstate/store.go:148.16,150.3 1 0
github.com/Meesho/BharatMLStack/mnemo/controlplane/internal/etcdstate/store.go:151.2,151.16 1 0
github.com/Meesho/BharatMLStack/mnemo/controlplane/internal/etcdstate/store.go:151.16,153.3 1 0
github.com/Meesho/BharatMLStack/mnemo/controlplane/internal/etcdstate/store.go:154.2,154.12 1 0
github.com/Meesho/BharatMLStack/mnemo/controlplane/internal/etcdstate/store.go:160.100,162.16 2 0
github.com/Meesho/BharatMLStack/mnemo/controlplane/internal/etcdstate/store.go:162.16,164.3 1 0
github.com/Meesho/BharatMLStack/mnemo/controlplane/internal/etcdstate/store.go:165.2,165.33 1 0
github.com/Meesho/BharatMLStack/mnemo/controlplane/internal/etcdstate/store.go:165.33,167.3 1 0
github.com/Meesho/BharatMLStack/mnemo/controlplane/internal/etcdstate/store.go:169.2,170.16 2 0
github.com/Meesho/BharatMLStack/mnemo/controlplane/internal/etcdstate/store.go:170.16,172.3 1 0
github.com/Meesho/BharatMLStack/mnemo/controlplane/internal/etcdstate/store.go:173.2,173.14 1 0
github.com/Meesho/BharatMLStack/mnemo/controlplane/internal/etcdstate/store.go:173.14,175.3 1 0
github.com/Meesho/BharatMLStack/mnemo/controlplane/internal/etcdstate/store.go:176.2,188.16 6 0
github.com/Meesho/BharatMLStack/mnemo/controlplane/internal/etcdstate/store.go:188.16,190.3 1 0
github.com/Meesho/BharatMLStack/mnemo/controlplane/internal/etcdstate/store.go:191.2,191.16 1 0
github.com/Meesho/BharatMLStack/mnemo/controlplane/internal/etcdstate/store.go:191.16,193.3 1 0
github.com/Meesho/BharatMLStack/mnemo/controlplane/internal/etcdstate/store.go:194.2,194.25 1 0
github.com/Meesho/BharatMLStack/mnemo/controlplane/internal/etcdstate/store.go:198.95,200.16 2 0
github.com/Meesho/BharatMLStack/mnemo/controlplane/internal/etcdstate/store.go:200.16,202.3 1 0
github.com/Meesho/BharatMLStack/mnemo/controlplane/internal/etcdstate/store.go:203.2,205.75 3 0
github.com/Meesho/BharatMLStack/mnemo/controlplane/internal/etcdstate/store.go:213.106,215.16 2 0
github.com/Meesho/BharatMLStack/mnemo/controlplane/internal/etcdstate/store.go:215.16,217.3 1 0
github.com/Meesho/BharatMLStack/mnemo/controlplane/internal/etcdstate/store.go:218.2,218.12 1 0
github.com/Meesho/BharatMLStack/mnemo/controlplane/internal/etcdstate/store.go:218.12,220.3 1 0
github.com/Meesho/BharatMLStack/mnemo/controlplane/internal/etcdstate/store.go:222.2,232.21 5 0
github.com/Meesho/BharatMLStack/mnemo/controlplane/internal/etcdstate/store.go:232.21,234.3 1 0
github.com/Meesho/BharatMLStack/mnemo/controlplane/internal/etcdstate/store.go:237.2,241.56 4 0
github.com/Meesho/BharatMLStack/mnemo/controlplane/internal/etcdstate/store.go:241.56,243.3 1 0
github.com/Meesho/BharatMLStack/mnemo/controlplane/internal/etcdstate/store.go:245.2,245.16 1 0
github.com/Meesho/BharatMLStack/mnemo/controlplane/internal/etcdstate/store.go:245.16,247.83 1 0
github.com/Meesho/BharatMLStack/mnemo/controlplane/internal/etcdstate/store.go:247.83,249.4 1 0
github.com/Meesho/BharatMLStack/mnemo/controlplane/internal/etcdstate/store.go:250.3,250.19 1 0
github.com/Meesho/BharatMLStack/mnemo/controlplane/internal/etcdstate/store.go:254.2,254.20 1 0
github.com/Meesho/BharatMLStack/mnemo/controlplane/internal/etcdstate/store.go:254.20,256.3 1 0
github.com/Meesho/BharatMLStack/mnemo/controlplane/internal/etcdstate/store.go:259.2,260.30 2 0
github.com/Meesho/BharatMLStack/mnemo/controlplane/internal/etcdstate/store.go:260.30,269.3 1 0
github.com/Meesho/BharatMLStack/mnemo/controlplane/internal/etcdstate/store.go:272.2,273.34 2 0
github.com/Meesho/BharatMLStack/mnemo/controlplane/internal/etcdstate/store.go:273.34,274.57 1 0
github.com/Meesho/BharatMLStack/mnemo/controlplane/internal/etcdstate/store.go:274.57,275.12 1 0
github.com/Meesho/BharatMLStack/mnemo/controlplane/internal/etcdstate/store.go:277.3,281.27 2 0
github.com/Meesho/BharatMLStack/mnemo/controlplane/internal/etcdstate/store.go:284.2,284.26 1 0
github.com/Meesho/BharatMLStack/mnemo/controlplane/internal/etcdstate/store.go:284.26,285.38 1 0
github.com/Meesho/BharatMLStack/mnemo/controlplane/internal/etcdstate/store.go:285.38,286.40 1 0
github.com/Meesho/BharatMLStack/mnemo/controlplane/internal/etcdstate/store.go:286.40,288.5 1 0
github.com/Meesho/BharatMLStack/mnemo/controlplane/internal/etcdstate/store.go:290.3,290.30 1 0
github.com/Meesho/BharatMLStack/mnemo/controlplane/internal/etcdstate/store.go:290.30,291.55 1 0
github.com/Meesho/BharatMLStack/mnemo/controlplane/internal/etcdstate/store.go:291.55,293.5 1 0
github.com/Meesho/BharatMLStack/mnemo/controlplane/internal/etcdstate/store.go:295.3,295.30 1 0
github.com/Meesho/BharatMLStack/mnemo/controlplane/internal/etcdstate/store.go:295.30,296.55 1 0
github.com/Meesho/BharatMLStack/mnemo/controlplane/internal/etcdstate/store.go:296.55,298.5 1 0
github.com/Meesho/BharatMLStack/mnemo/controlplane/internal/etcdstate/store.go:303.2,303.45 1 0
github.com/Meesho/BharatMLStack/mnemo/controlplane/internal/etcdstate/store.go:303.45,305.3 1 0
github.com/Meesho/BharatMLStack/mnemo/controlplane/internal/etcdstate/store.go:308.2,309.36 2 0
github.com/Meesho/BharatMLStack/mnemo/controlplane/internal/etcdstate/store.go:309.36,311.3 1 0
github.com/Meesho/BharatMLStack/mnemo/controlplane/internal/etcdstate/store.go:312.2,312.48 1 0
github.com/Meesho/BharatMLStack/mnemo/controlplane/internal/etcdstate/store.go:312.48,314.3 1 0
github.com/Meesho/BharatMLStack/mnemo/controlplane/internal/etcdstate/store.go:316.2,316.18 1 0
github.com/Meesho/BharatMLStack/mnemo/controlplane/internal/etcdstate/store.go:321.114,323.16 2 0
github.com/Meesho/BharatMLStack/mnemo/controlplane/internal/etcdstate/store.go:323.16,325.3 1 0
github.com/Meesho/BharatMLStack/mnemo/controlplane/internal/etcdstate/store.go:326.2,326.12 1 0
github.com/Meesho/BharatMLStack/mnemo/controlplane/internal/etcdstate/store.go:326.12,328.3 1 0
github.com/Meesho/BharatMLStack/mnemo/controlplane/internal/etcdstate/store.go:329.2,330.69 2 0
github.com/Meesho/BharatMLStack/mnemo/controlplane/internal/etcdstate/store.go:335.113,337.16 2 0
github.com/Meesho/BharatMLStack/mnemo/controlplane/internal/etcdstate/store.go:337.16,339.3 1 0
github.com/Meesho/BharatMLStack/mnemo/controlplane/internal/etcdstate/store.go:340.2,340.12 1 0
github.com/Meesho/BharatMLStack/mnemo/controlplane/internal/etcdstate/store.go:340.12,342.3 1 0
github.com/Meesho/BharatMLStack/mnemo/controlplane/internal/etcdstate/store.go:343.2,344.58 2 0
github.com/Meesho/BharatMLStack/mnemo/controlplane/internal/etcdstate/store.go:344.58,346.3 1 0
github.com/Meesho/BharatMLStack/mnemo/controlplane/internal/etcdstate/store.go:347.2,347.18 1 0
github.com/Meesho/BharatMLStack/mnemo/controlplane/internal/etcdstate/store.go:352.115,354.16 2 0
github.com/Meesho/BharatMLStack/mnemo/controlplane/internal/etcdstate/store.go:354.16,356.3 1 0
github.com/Meesho/BharatMLStack/mnemo/controlplane/internal/etcdstate/store.go:357.2,357.12 1 0
github.com/Meesho/BharatMLStack/mnemo/controlplane/internal/etcdstate/store.go:357.12,359.3 1 0
github.com/Meesho/BharatMLStack/mnemo/controlplane/internal/etcdstate/store.go:360.2,361.58 2 0
github.com/Meesho/BharatMLStack/mnemo/controlplane/internal/etcdstate/store.go:361.58,363.3 1 0
github.com/Meesho/BharatMLStack/mnemo/controlplane/internal/etcdstate/store.go:364.2,364.18 1 0
github.com/Meesho/BharatMLStack/mnemo/controlplane/internal/etcdstate/store.go:369.116,371.16 2 0
github.com/Meesho/BharatMLStack/mnemo/controlplane/internal/etcdstate/store.go:371.16,373.3 1 0
github.com/Meesho/BharatMLStack/mnemo/controlplane/internal/etcdstate/store.go:374.2,374.12 1 0
github.com/Meesho/BharatMLStack/mnemo/controlplane/internal/etcdstate/store.go:374.12,376.3 1 0
github.com/Meesho/BharatMLStack/mnemo/controlplane/internal/etcdstate/store.go:377.2,378.73 2 0
github.com/Meesho/BharatMLStack/mnemo/controlplane/internal/etcdstate/store.go:382.113,385.16 3 0
github.com/Meesho/BharatMLStack/mnemo/controlplane/internal/etcdstate/store.go:385.16,387.3 1 0
github.com/Meesho/BharatMLStack/mnemo/controlplane/internal/etcdstate/store.go:389.2,390.28 2 0
github.com/Meesho/BharatMLStack/mnemo/controlplane/internal/etcdstate/store.go:390.28,392.18 2 0
github.com/Meesho/BharatMLStack/mnemo/controlplane/internal/etcdstate/store.go:392.18,393.12 1 0
github.com/Meesho/BharatMLStack/mnemo/controlplane/internal/etcdstate/store.go:395.3,396.60 2 0
github.com/Meesho/BharatMLStack/mnemo/controlplane/internal/etcdstate/store.go:396.60,397.12 1 0
github.com/Meesho/BharatMLStack/mnemo/controlplane/internal/etcdstate/store.go:399.3,399.21 1 0
github.com/Meesho/BharatMLStack/mnemo/controlplane/internal/etcdstate/store.go:401.2,401.18 1 0
github.com/Meesho/BharatMLStack/mnemo/controlplane/internal/etcdstate/store.go:413.79,416.16 3 0
github.com/Meesho/BharatMLStack/mnemo/controlplane/internal/etcdstate/store.go:416.16,418.3 1 0
github.com/Meesho/BharatMLStack/mnemo/controlplane/internal/etcdstate/store.go:420.2,421.23 2 0
github.com/Meesho/BharatMLStack/mnemo/controlplane/internal/etcdstate/store.go:421.23,423.44 1 0
github.com/Meesho/BharatMLStack/mnemo/controlplane/internal/etcdstate/store.go:423.44,424.12 1 0
github.com/Meesho/BharatMLStack/mnemo/controlplane/internal/etcdstate/store.go:426.3,429.41 4 0
github.com/Meesho/BharatMLStack/mnemo/controlplane/internal/etcdstate/store.go:429.41,430.12 1 0
github.com/Meesho/BharatMLStack/mnemo/controlplane/internal/etcdstate/store.go:432.3,432.62 1 0
github.com/Meesho/BharatMLStack/mnemo/controlplane/internal/etcdstate/store.go:434.2,434.18 1 0
github.com/Meesho/BharatMLStack/mnemo/controlplane/internal/etcdstate/store.go:438.122,441.16 3 0
github.com/Meesho/BharatMLStack/mnemo/controlplane/internal/etcdstate/store.go:441.16,443.3 1 0
github.com/Meesho/BharatMLStack/mnemo/controlplane/internal/etcdstate/store.go:445.2,446.28 2 0
github.com/Meesho/BharatMLStack/mnemo/controlplane/internal/etcdstate/store.go:446.28,448.16 2 0
github.com/Meesho/BharatMLStack/mnemo/controlplane/internal/etcdstate/store.go:448.16,449.12 1 0
github.com/Meesho/BharatMLStack/mnemo/controlplane/internal/etcdstate/store.go:451.3,452.60 2 0
github.com/Meesho/BharatMLStack/mnemo/controlplane/internal/etcdstate/store.go:452.60,453.12 1 0
github.com/Meesho/BharatMLStack/mnemo/controlplane/internal/etcdstate/store.go:455.3,455.24 1 0
github.com/Meesho/BharatMLStack/mnemo/controlplane/internal/etcdstate/store.go:457.2,457.22 1 0
github.com/Meesho/BharatMLStack/mnemo/controlplane/internal/placement/placement.go:21.106,23.34 2 0
github.com/Meesho/BharatMLStack/mnemo/controlplane/internal/placement/placement.go:23.34,25.3 1 0
github.com/Meesho/BharatMLStack/mnemo/controlplane/internal/placement/placement.go:27.2,27.32 1 0
github.com/Meesho/BharatMLStack/mnemo/controlplane/internal/placement/placement.go:27.32,29.16 2 0
github.com/Meesho/BharatMLStack/mnemo/controlplane/internal/placement/placement.go:29.16,30.12 1 0
github.com/Meesho/BharatMLStack/mnemo/controlplane/internal/placement/placement.go:32.3,32.36 1 0
github.com/Meesho/BharatMLStack/mnemo/controlplane/internal/placement/placement.go:32.36,33.12 1 0
github.com/Meesho/BharatMLStack/mnemo/controlplane/internal/placement/placement.go:35.3,35.40 1 0
github.com/Meesho/BharatMLStack/mnemo/controlplane/internal/placement/placement.go:35.40,36.21 1 0
github.com/Meesho/BharatMLStack/mnemo/controlplane/internal/placement/placement.go:36.21,38.18 2 0
github.com/Meesho/BharatMLStack/mnemo/controlplane/internal/placement/placement.go:38.18,40.6 1 0
github.com/Meesho/BharatMLStack/mnemo/controlplane/internal/placement/placement.go:41.5,42.10 2 0
github.com/Meesho/BharatMLStack/mnemo/controlplane/internal/placement/placement.go:46.2,46.19 1 0
github.com/Meesho/BharatMLStack/mnemo/controlplane/internal/placement/placement.go:56.42,59.13 3 0
github.com/Meesho/BharatMLStack/mnemo/controlplane/internal/placement/placement.go:59.13,61.3 1 0
github.com/Meesho/BharatMLStack/mnemo/controlplane/internal/placement/placement.go:62.2,63.16 2 0
github.com/Meesho/BharatMLStack/mnemo/controlplane/internal/placement/placement.go:63.16,65.3 1 0
github.com/Meesho/BharatMLStack/mnemo/controlplane/internal/placement/placement.go:66.2,67.13 2 0
github.com/Meesho/BharatMLStack/mnemo/controlplane/internal/placement/placement.go:67.13,69.3 1 0
github.com/Meesho/BharatMLStack/mnemo/controlplane/internal/placement/placement.go:70.2,70.19 1 0
github.com/Meesho/BharatMLStack/mnemo/controlplane/internal/reconciler/reconciler.go:57.65,59.2 1 0
github.com/Meesho/BharatMLStack/mnemo/controlplane/internal/reconciler/reconciler.go:62.47,67.6 4 0
github.com/Meesho/BharatMLStack/mnemo/controlplane/internal/reconciler/reconciler.go:67.6,68.10 1 0
github.com/Meesho/BharatMLStack/mnemo/controlplane/internal/reconciler/reconciler.go:69.21,71.10 2 0
github.com/Meesho/BharatMLStack/mnemo/controlplane/internal/reconciler/reconciler.go:72.14,73.24 1 0
github.com/Meesho/BharatMLStack/mnemo/controlplane/internal/reconciler/reconciler.go:81.57,83.16 2 0
github.com/Meesho/BharatMLStack/mnemo/controlplane/internal/reconciler/reconciler.go:83.16,86.3 2 0
github.com/Meesho/BharatMLStack/mnemo/controlplane/internal/reconciler/reconciler.go:88.2,88.29 1 0
github.com/Meesho/BharatMLStack/mnemo/controlplane/internal/reconciler/reconciler.go:88.29,90.3 1 0
github.com/Meesho/BharatMLStack/mnemo/controlplane/internal/reconciler/reconciler.go:93.82,97.48 3 0
github.com/Meesho/BharatMLStack/mnemo/controlplane/internal/reconciler/reconciler.go:97.48,99.3 1 0
github.com/Meesho/BharatMLStack/mnemo/controlplane/internal/reconciler/reconciler.go:101.2,102.16 2 0
github.com/Meesho/BharatMLStack/mnemo/controlplane/internal/reconciler/reconciler.go:102.16,105.3 2 0
github.com/Meesho/BharatMLStack/mnemo/controlplane/internal/reconciler/reconciler.go:107.2,108.16 2 0
github.com/Meesho/BharatMLStack/mnemo/controlplane/internal/reconciler/reconciler.go:108.16,111.3 2 0
github.com/Meesho/BharatMLStack/mnemo/controlplane/internal/reconciler/reconciler.go:113.2,114.21 2 0
github.com/Meesho/BharatMLStack/mnemo/controlplane/internal/reconciler/reconciler.go:114.21,116.17 2 0
github.com/Meesho/BharatMLStack/mnemo/controlplane/internal/reconciler/reconciler.go:116.17,119.4 2 0
github.com/Meesho/BharatMLStack/mnemo/controlplane/internal/reconciler/reconciler.go:121.3,122.85 2 0
github.com/Meesho/BharatMLStack/mnemo/controlplane/internal/reconciler/reconciler.go:122.85,128.4 1 0
github.com/Meesho/BharatMLStack/mnemo/controlplane/internal/reconciler/reconciler.go:128.9,128.106 1 0
github.com/Meesho/BharatMLStack/mnemo/controlplane/internal/reconciler/reconciler.go:128.106,129.39 1 0
github.com/Meesho/BharatMLStack/mnemo/controlplane/internal/reconciler/reconciler.go:129.39,131.5 1 0
github.com/Meesho/BharatMLStack/mnemo/controlplane/internal/reconciler/reconciler.go:131.10,133.5 1 0
github.com/Meesho/BharatMLStack/mnemo/controlplane/internal/reconciler/reconciler.go:134.4,134.10 1 0
github.com/Meesho/BharatMLStack/mnemo/controlplane/internal/reconciler/reconciler.go:135.9,139.4 2 0
github.com/Meesho/BharatMLStack/mnemo/controlplane/internal/reconciler/reconciler.go:144.2,144.54 1 0
github.com/Meesho/BharatMLStack/mnemo/controlplane/internal/reconciler/reconciler.go:149.50,150.25 1 0
github.com/Meesho/BharatMLStack/mnemo/controlplane/internal/reconciler/reconciler.go:150.25,152.3 1 0
github.com/Meesho/BharatMLStack/mnemo/controlplane/internal/reconciler/reconciler.go:153.2,153.20 1 0
github.com/Meesho/BharatMLStack/mnemo/controlplane/internal/reconciler/reconciler.go:153.20,155.3 1 0
github.com/Meesho/BharatMLStack/mnemo/controlplane/internal/reconciler/reconciler.go:156.2,156.10 1 0
github.com/Meesho/BharatMLStack/mnemo/controlplane/internal/reconciler/reconciler.go:160.151,161.41 1 0
github.com/Meesho/BharatMLStack/mnemo/controlplane/internal/reconciler/reconciler.go:161.41,163.3 1 0
github.com/Meesho/BharatMLStack/mnemo/controlplane/internal/reconciler/reconciler.go:164.2,164.93 1 0
github.com/Meesho/BharatMLStack/mnemo/controlplane/internal/reconciler/reconciler.go:164.93,165.80 1 0
github.com/Meesho/BharatMLStack/mnemo/controlplane/internal/reconciler/reconciler.go:165.80,168.12 2 0
github.com/Meesho/BharatMLStack/mnemo/controlplane/internal/reconciler/reconciler.go:170.3,171.75 1 0
github.com/Meesho/BharatMLStack/mnemo/controlplane/internal/reconciler/reconciler.go:178.85,180.34 2 0
github.com/Meesho/BharatMLStack/mnemo/controlplane/internal/reconciler/reconciler.go:180.34,181.54 1 0
github.com/Meesho/BharatMLStack/mnemo/controlplane/internal/reconciler/reconciler.go:181.54,182.12 1 0
github.com/Meesho/BharatMLStack/mnemo/controlplane/internal/reconciler/reconciler.go:184.3,184.20 1 0
github.com/Meesho/BharatMLStack/mnemo/controlplane/internal/reconciler/reconciler.go:184.20,185.12 1 0
github.com/Meesho/BharatMLStack/mnemo/controlplane/internal/reconciler/reconciler.go:187.3,187.17 1 0
github.com/Meesho/BharatMLStack/mnemo/controlplane/internal/reconciler/reconciler.go:187.17,189.4 1 0
github.com/Meesho/BharatMLStack/mnemo/controlplane/internal/reconciler/reconciler.go:191.2,191.13 1 0
github.com/Meesho/BharatMLStack/mnemo/controlplane/internal/reconciler/reconciler.go:202.107,204.28 2 0
github.com/Meesho/BharatMLStack/mnemo/controlplane/internal/reconciler/reconciler.go:204.28,206.3 1 0
github.com/Meesho/BharatMLStack/mnemo/controlplane/internal/reconciler/reconciler.go:207.2,211.26 4 0
github.com/Meesho/BharatMLStack/mnemo/controlplane/internal/reconciler/reconciler.go:211.26,212.19 1 0
github.com/Meesho/BharatMLStack/mnemo/controlplane/internal/reconciler/reconciler.go:212.19,214.12 2 0
github.com/Meesho/BharatMLStack/mnemo/controlplane/internal/reconciler/reconciler.go:216.3,216.26 1 0
github.com/Meesho/BharatMLStack/mnemo/controlplane/internal/reconciler/reconciler.go:216.26,219.4 2 0
github.com/Meesho/BharatMLStack/mnemo/controlplane/internal/reconciler/reconciler.go:222.2,223.26 2 0
github.com/Meesho/BharatMLStack/mnemo/controlplane/internal/reconciler/reconciler.go:223.26,224.16 1 0
github.com/Meesho/BharatMLStack/mnemo/controlplane/internal/reconciler/reconciler.go:224.16,225.12 1 0
github.com/Meesho/BharatMLStack/mnemo/controlplane/internal/reconciler/reconciler.go:227.3,227.36 1 0
github.com/Meesho/BharatMLStack/mnemo/controlplane/internal/reconciler/reconciler.go:227.36,228.12 1 0
github.com/Meesho/BharatMLStack/mnemo/controlplane/internal/reconciler/reconciler.go:230.3,230.71 1 0
github.com/Meesho/BharatMLStack/mnemo/controlplane/internal/reconciler/reconciler.go:230.71,231.12 1 0
github.com/Meesho/BharatMLStack/mnemo/controlplane/internal/reconciler/reconciler.go:233.3,233.31 1 0
github.com/Meesho/BharatMLStack/mnemo/controlplane/internal/reconciler/reconciler.go:235.2,235.15 1 0
github.com/Meesho/BharatMLStack/mnemo/controlplane/internal/reconciler/reconciler.go:239.79,241.34 2 0
github.com/Meesho/BharatMLStack/mnemo/controlplane/internal/reconciler/reconciler.go:241.34,243.32 2 0
github.com/Meesho/BharatMLStack/mnemo/controlplane/internal/reconciler/reconciler.go:243.32,245.4 1 0
github.com/Meesho/BharatMLStack/mnemo/controlplane/internal/reconciler/reconciler.go:247.2,247.16 1 0
github.com/Meesho/BharatMLStack/mnemo/controlplane/internal/server/server.go:23.60,31.2 6 0
github.com/Meesho/BharatMLStack/mnemo/controlplane/internal/server/server.go:34.41,36.2 1 0
github.com/Meesho/BharatMLStack/mnemo/controlplane/internal/server/server.go:40.49,46.12 2 0
github.com/Meesho/BharatMLStack/mnemo/controlplane/internal/server/server.go:46.12,51.3 4 0
github.com/Meesho/BharatMLStack/mnemo/controlplane/internal/server/server.go:53.2,53.86 1 0
github.com/Meesho/BharatMLStack/mnemo/controlplane/internal/server/server.go:53.86,55.3 1 0
github.com/Meesho/BharatMLStack/mnemo/controlplane/internal/server/server.go:56.2,56.12 1 0
github.com/Meesho/BharatMLStack/mnemo/controlplane/internal/server/server.go:59.55,78.54 13 0
github.com/Meesho/BharatMLStack/mnemo/controlplane/internal/server/server.go:78.54,80.3 1 0
github.com/Meesho/BharatMLStack/mnemo/controlplane/internal/server/server.go:83.2,83.40 1 0
github.com/Meesho/BharatMLStack/mnemo/controlplane/internal/server/handlers/client_config.go:14.52,19.47 4 0
github.com/Meesho/BharatMLStack/mnemo/controlplane/internal/server/handlers/client_config.go:19.47,22.3 2 0
github.com/Meesho/BharatMLStack/mnemo/controlplane/internal/server/handlers/client_config.go:24.2,24.89 1 0
github.com/Meesho/BharatMLStack/mnemo/controlplane/internal/server/handlers/client_config.go:24.89,25.44 1 0
github.com/Meesho/BharatMLStack/mnemo/controlplane/internal/server/handlers/client_config.go:25.44,28.4 2 0
github.com/Meesho/BharatMLStack/mnemo/controlplane/internal/server/handlers/client_config.go:29.3,30.9 2 0
github.com/Meesho/BharatMLStack/mnemo/controlplane/internal/server/handlers/client_config.go:33.2,37.4 1 0
github.com/Meesho/BharatMLStack/mnemo/controlplane/internal/server/handlers/client_config.go:41.52,46.16 4 0
github.com/Meesho/BharatMLStack/mnemo/controlplane/internal/server/handlers/client_config.go:46.16,47.44 1 0
github.com/Meesho/BharatMLStack/mnemo/controlplane/internal/server/handlers/client_config.go:47.44,50.4 2 0
github.com/Meesho/BharatMLStack/mnemo/controlplane/internal/server/handlers/client_config.go:51.3,52.9 2 0
github.com/Meesho/BharatMLStack/mnemo/controlplane/internal/server/handlers/client_config.go:55.2,55.28 1 0
github.com/Meesho/BharatMLStack/mnemo/controlplane/internal/server/handlers/dataflow.go:14.48,19.47 4 0
github.com/Meesho/BharatMLStack/mnemo/controlplane/internal/server/handlers/dataflow.go:19.47,22.3 2 0
github.com/Meesho/BharatMLStack/mnemo/controlplane/internal/server/handlers/dataflow.go:24.2,24.85 1 0
github.com/Meesho/BharatMLStack/mnemo/controlplane/internal/server/handlers/dataflow.go:24.85,25.44 1 0
github.com/Meesho/BharatMLStack/mnemo/controlplane/internal/server/handlers/dataflow.go:25.44,28.4 2 0
github.com/Meesho/BharatMLStack/mnemo/controlplane/internal/server/handlers/dataflow.go:29.3,30.9 2 0
github.com/Meesho/BharatMLStack/mnemo/controlplane/internal/server/handlers/dataflow.go:33.2,37.4 1 0
github.com/Meesho/BharatMLStack/mnemo/controlplane/internal/server/handlers/dataflow.go:41.48,46.16 4 0
github.com/Meesho/BharatMLStack/mnemo/controlplane/internal/server/handlers/dataflow.go:46.16,47.44 1 0
github.com/Meesho/BharatMLStack/mnemo/controlplane/internal/server/handlers/dataflow.go:47.44,50.4 2 0
github.com/Meesho/BharatMLStack/mnemo/controlplane/internal/server/handlers/dataflow.go:51.3,52.9 2 0
github.com/Meesho/BharatMLStack/mnemo/controlplane/internal/server/handlers/dataflow.go:55.2,55.28 1 0
github.com/Meesho/BharatMLStack/mnemo/controlplane/internal/server/handlers/handlers.go:14.49,16.2 1 0
github.com/Meesho/BharatMLStack/mnemo/controlplane/internal/server/handlers/health.go:18.42,21.44 3 0
github.com/Meesho/BharatMLStack/mnemo/controlplane/internal/server/handlers/health.go:21.44,24.3 2 0
github.com/Meesho/BharatMLStack/mnemo/controlplane/internal/server/handlers/health.go:25.2,25.49 1 0
github.com/Meesho/BharatMLStack/mnemo/controlplane/internal/server/handlers/store.go:31.49,35.47 3 0
github.com/Meesho/BharatMLStack/mnemo/controlplane/internal/server/handlers/store.go:35.47,38.3 2 0
github.com/Meesho/BharatMLStack/mnemo/controlplane/internal/server/handlers/store.go:40.2,47.70 2 0
github.com/Meesho/BharatMLStack/mnemo/controlplane/internal/server/handlers/store.go:47.70,48.49 1 0
github.com/Meesho/BharatMLStack/mnemo/controlplane/internal/server/handlers/store.go:48.49,51.4 2 0
github.com/Meesho/BharatMLStack/mnemo/controlplane/internal/server/handlers/store.go:52.3,53.9 2 0
github.com/Meesho/BharatMLStack/mnemo/controlplane/internal/server/handlers/store.go:56.2,63.4 2 0
github.com/Meesho/BharatMLStack/mnemo/controlplane/internal/server/handlers/store.go:67.45,72.16 4 0
github.com/Meesho/BharatMLStack/mnemo/controlplane/internal/server/handlers/store.go:72.16,73.44 1 0
github.com/Meesho/BharatMLStack/mnemo/controlplane/internal/server/handlers/store.go:73.44,76.4 2 0
github.com/Meesho/BharatMLStack/mnemo/controlplane/internal/server/handlers/store.go:77.3,78.9 2 0
github.com/Meesho/BharatMLStack/mnemo/controlplane/internal/server/handlers/store.go:81.2,81.30 1 0
github.com/Meesho/BharatMLStack/mnemo/controlplane/internal/server/handlers/topology.go:13.48,18.16 4 0
github.com/Meesho/BharatMLStack/mnemo/controlplane/internal/server/handlers/topology.go:18.16,19.44 1 0
github.com/Meesho/BharatMLStack/mnemo/controlplane/internal/server/handlers/topology.go:19.44,22.4 2 0
github.com/Meesho/BharatMLStack/mnemo/controlplane/internal/server/handlers/topology.go:23.3,24.9 2 0
github.com/Meesho/BharatMLStack/mnemo/controlplane/internal/server/handlers/topology.go:27.2,27.29 1 0
github.com/Meesho/BharatMLStack/mnemo/controlplane/internal/server/handlers/version.go:24.51,30.47 5 0
github.com/Meesho/BharatMLStack/mnemo/controlplane/internal/server/handlers/version.go:30.47,33.3 2 0
github.com/Meesho/BharatMLStack/mnemo/controlplane/internal/server/handlers/version.go:35.2,36.16 2 0
github.com/Meesho/BharatMLStack/mnemo/controlplane/internal/server/handlers/version.go:36.16,37.44 1 0
github.com/Meesho/BharatMLStack/mnemo/controlplane/internal/server/handlers/version.go:37.44,40.4 2 0
github.com/Meesho/BharatMLStack/mnemo/controlplane/internal/server/handlers/version.go:41.3,42.9 2 0
github.com/Meesho/BharatMLStack/mnemo/controlplane/internal/server/handlers/version.go:45.2,52.94 2 0
github.com/Meesho/BharatMLStack/mnemo/controlplane/internal/server/handlers/version.go:52.94,53.49 1 0
github.com/Meesho/BharatMLStack/mnemo/controlplane/internal/server/handlers/version.go:53.49,56.4 2 0
github.com/Meesho/BharatMLStack/mnemo/controlplane/internal/server/handlers/version.go:57.3,58.9 2 0
github.com/Meesho/BharatMLStack/mnemo/controlplane/internal/server/handlers/version.go:61.2,66.4 1 0
github.com/Meesho/BharatMLStack/mnemo/controlplane/internal/server/handlers/version.go:70.51,77.16 6 0
github.com/Meesho/BharatMLStack/mnemo/controlplane/internal/server/handlers/version.go:77.16,78.44 1 0
github.com/Meesho/BharatMLStack/mnemo/controlplane/internal/server/handlers/version.go:78.44,81.4 2 0
github.com/Meesho/BharatMLStack/mnemo/controlplane/internal/server/handlers/version.go:82.3,83.9 2 0
github.com/Meesho/BharatMLStack/mnemo/controlplane/internal/server/handlers/version.go:86.2,87.16 2 0
github.com/Meesho/BharatMLStack/mnemo/controlplane/internal/server/handlers/version.go:87.16,90.3 2 0
github.com/Meesho/BharatMLStack/mnemo/controlplane/internal/server/handlers/version.go:92.2,95.52 3 0
github.com/Meesho/BharatMLStack/mnemo/controlplane/internal/server/handlers/version.go:95.52,97.32 2 0
github.com/Meesho/BharatMLStack/mnemo/controlplane/internal/server/handlers/version.go:97.32,99.4 1 0
github.com/Meesho/BharatMLStack/mnemo/controlplane/internal/server/handlers/version.go:101.2,103.22 2 0
github.com/Meesho/BharatMLStack/mnemo/controlplane/internal/server/handlers/version.go:103.22,109.3 2 0
github.com/Meesho/BharatMLStack/mnemo/controlplane/internal/server/handlers/version.go:111.2,111.84 1 0
github.com/Meesho/BharatMLStack/mnemo/controlplane/internal/server/handlers/version.go:111.84,112.47 1 0
github.com/Meesho/BharatMLStack/mnemo/controlplane/internal/server/handlers/version.go:112.47,115.4 2 0
github.com/Meesho/BharatMLStack/mnemo/controlplane/internal/server/handlers/version.go:116.3,116.44 1 0
github.com/Meesho/BharatMLStack/mnemo/controlplane/internal/server/handlers/version.go:116.44,119.4 2 0
github.com/Meesho/BharatMLStack/mnemo/controlplane/internal/server/handlers/version.go:120.3,121.9 2 0
github.com/Meesho/BharatMLStack/mnemo/controlplane/internal/server/handlers/version.go:124.2,129.4 1 0
github.com/Meesho/BharatMLStack/mnemo/controlplane/internal/server/handlers/version.go:133.45,138.16 4 0
github.com/Meesho/BharatMLStack/mnemo/controlplane/internal/server/handlers/version.go:138.16,139.46 1 0
github.com/Meesho/BharatMLStack/mnemo/controlplane/internal/server/handlers/version.go:139.46,142.4 2 0
github.com/Meesho/BharatMLStack/mnemo/controlplane/internal/server/handlers/version.go:143.3,143.47 1 0
github.com/Meesho/BharatMLStack/mnemo/controlplane/internal/server/handlers/version.go:143.47,146.4 2 0
github.com/Meesho/BharatMLStack/mnemo/controlplane/internal/server/handlers/version.go:147.3,148.9 2 0
github.com/Meesho/BharatMLStack/mnemo/controlplane/internal/server/handlers/version.go:151.2,155.4 1 0
github.com/Meesho/BharatMLStack/mnemo/controlplane/internal/server/handlers/version.go:159.50,164.87 4 0
github.com/Meesho/BharatMLStack/mnemo/controlplane/internal/server/handlers/version.go:164.87,165.44 1 0
github.com/Meesho/BharatMLStack/mnemo/controlplane/internal/server/handlers/version.go:165.44,168.4 2 0
github.com/Meesho/BharatMLStack/mnemo/controlplane/internal/server/handlers/version.go:169.3,170.9 2 0
github.com/Meesho/BharatMLStack/mnemo/controlplane/internal/server/handlers/version.go:173.2,178.4 1 0
github.com/Meesho/BharatMLStack/mnemo/controlplane/internal/sizing/sizing.go:41.34,48.25 5 0
github.com/Meesho/BharatMLStack/mnemo/controlplane/internal/sizing/sizing.go:48.25,50.3 1 0
github.com/Meesho/BharatMLStack/mnemo/controlplane/internal/sizing/sizing.go:52.2,53.38 2 0
github.com/Meesho/BharatMLStack/mnemo/controlplane/internal/sizing/sizing.go:53.38,55.3 1 0
github.com/Meesho/BharatMLStack/mnemo/controlplane/internal/sizing/sizing.go:57.2,64.3 1 0
github.com/Meesho/BharatMLStack/mnemo/controlplane/model/keys.go:32.47,34.2 1 11
github.com/Meesho/BharatMLStack/mnemo/controlplane/model/keys.go:37.49,39.2 1 1
github.com/Meesho/BharatMLStack/mnemo/controlplane/model/keys.go:42.50,44.2 1 1
github.com/Meesho/BharatMLStack/mnemo/controlplane/model/keys.go:47.53,49.2 1 1
github.com/Meesho/BharatMLStack/mnemo/controlplane/model/keys.go:52.55,54.2 1 1
github.com/Meesho/BharatMLStack/mnemo/controlplane/model/keys.go:57.55,59.2 1 1
github.com/Meesho/BharatMLStack/mnemo/controlplane/model/keys.go:66.60,68.2 1 2
github.com/Meesho/BharatMLStack/mnemo/controlplane/model/keys.go:71.55,73.2 1 1
github.com/Meesho/BharatMLStack/mnemo/controlplane/model/keys.go:80.48,82.2 1 0
github.com/Meesho/BharatMLStack/mnemo/controlplane/model/keys.go:89.52,91.2 1 0
github.com/Meesho/BharatMLStack/mnemo/controlplane/model/keys.go:98.54,100.2 1 2
github.com/Meesho/BharatMLStack/mnemo/controlplane/model/keys.go:103.50,105.2 1 1
github.com/Meesho/BharatMLStack/mnemo/controlplane/internal/coverage/checker.go:27.34,28.18 1 0
github.com/Meesho/BharatMLStack/mnemo/controlplane/internal/coverage/checker.go:28.18,30.3 1 0
github.com/Meesho/BharatMLStack/mnemo/controlplane/internal/coverage/checker.go:31.2,31.43 1 0
github.com/Meesho/BharatMLStack/mnemo/controlplane/internal/coverage/checker.go:35.36,37.2 1 0
github.com/Meesho/BharatMLStack/mnemo/controlplane/internal/coverage/checker.go:50.36,52.2 1 0
github.com/Meesho/BharatMLStack/mnemo/controlplane/internal/coverage/checker.go:55.110,57.16 2 0
github.com/Meesho/BharatMLStack/mnemo/controlplane/internal/coverage/checker.go:57.16,59.3 1 0
github.com/Meesho/BharatMLStack/mnemo/controlplane/internal/coverage/checker.go:61.2,64.34 3 0
github.com/Meesho/BharatMLStack/mnemo/controlplane/internal/coverage/checker.go:64.34,66.31 2 0
github.com/Meesho/BharatMLStack/mnemo/controlplane/internal/coverage/checker.go:66.31,68.4 1 0
github.com/Meesho/BharatMLStack/mnemo/controlplane/internal/coverage/checker.go:68.9,70.4 1 0
github.com/Meesho/BharatMLStack/mnemo/controlplane/internal/coverage/checker.go:72.2,73.20 2 0
github.com/Meesho/BharatMLStack/mnemo/controlplane/internal/etcdstate/client.go:121.87,123.16 2 0
github.com/Meesho/BharatMLStack/mnemo/controlplane/internal/etcdstate/client.go:123.16,125.3 1 0
github.com/Meesho/BharatMLStack/mnemo/controlplane/internal/etcdstate/client.go:126.2,126.24 1 0
github.com/Meesho/BharatMLStack/mnemo/controlplane/internal/etcdstate/client.go:126.24,128.3 1 0
github.com/Meesho/BharatMLStack/mnemo/controlplane/internal/etcdstate/client.go:129.2,130.52 2 0
github.com/Meesho/BharatMLStack/mnemo/controlplane/internal/etcdstate/client.go:133.71,136.2 2 0
github.com/Meesho/BharatMLStack/mnemo/controlplane/internal/etcdstate/client.go:138.94,140.16 2 0
github.com/Meesho/BharatMLStack/mnemo/controlplane/internal/etcdstate/client.go:140.16,142.3 1 0
github.com/Meesho/BharatMLStack/mnemo/controlplane/internal/etcdstate/client.go:143.2,144.30 2 0
github.com/Meesho/BharatMLStack/mnemo/controlplane/internal/etcdstate/client.go:144.30,146.3 1 0
github.com/Meesho/BharatMLStack/mnemo/controlplane/internal/etcdstate/client.go:147.2,147.20 1 0
github.com/Meesho/BharatMLStack/mnemo/controlplane/internal/etcdstate/client.go:150.103,152.26 2 0
github.com/Meesho/BharatMLStack/mnemo/controlplane/internal/etcdstate/client.go:152.26,154.3 1 0
github.com/Meesho/BharatMLStack/mnemo/controlplane/internal/etcdstate/client.go:155.2,159.16 2 0
github.com/Meesho/BharatMLStack/mnemo/controlplane/internal/etcdstate/client.go:159.16,161.3 1 0
github.com/Meesho/BharatMLStack/mnemo/controlplane/internal/etcdstate/client.go:162.2,162.21 1 0
github.com/Meesho/BharatMLStack/mnemo/controlplane/internal/etcdstate/client.go:162.21,164.3 1 0
github.com/Meesho/BharatMLStack/mnemo/controlplane/internal/etcdstate/client.go:165.2,165.12 1 0
github.com/Meesho/BharatMLStack/mnemo/controlplane/internal/etcdstate/client.go:168.127,170.28 2 0
github.com/Meesho/BharatMLStack/mnemo/controlplane/internal/etcdstate/client.go:170.28,172.3 1 0
github.com/Meesho/BharatMLStack/mnemo/controlplane/internal/etcdstate/client.go:173.2,177.16 2 0
github.com/Meesho/BharatMLStack/mnemo/controlplane/internal/etcdstate/client.go:177.16,179.3 1 0
github.com/Meesho/BharatMLStack/mnemo/controlplane/internal/etcdstate/client.go:180.2,180.28 1 0
github.com/Meesho/BharatMLStack/mnemo/controlplane/internal/etcdstate/client.go:190.71,195.16 2 0
github.com/Meesho/BharatMLStack/mnemo/controlplane/internal/etcdstate/client.go:195.16,197.3 1 0
github.com/Meesho/BharatMLStack/mnemo/controlplane/internal/etcdstate/client.go:198.2,201.8 1 0
github.com/Meesho/BharatMLStack/mnemo/controlplane/internal/etcdstate/client.go:207.61,210.2 2 0
github.com/Meesho/BharatMLStack/mnemo/controlplane/internal/etcdstate/client.go:213.41,215.2 1 0
github.com/Meesho/BharatMLStack/mnemo/controlplane/internal/etcdstate/store.go:17.89,26.2 2 0
github.com/Meesho/BharatMLStack/mnemo/controlplane/internal/etcdstate/store.go:30.100,32.16 2 0
github.com/Meesho/BharatMLStack/mnemo/controlplane/internal/etcdstate/store.go:32.16,34.3 1 0
github.com/Meesho/BharatMLStack/mnemo/controlplane/internal/etcdstate/store.go:35.2,35.12 1 0
github.com/Meesho/BharatMLStack/mnemo/controlplane/internal/etcdstate/store.go:35.12,37.3 1 0
github.com/Meesho/BharatMLStack/mnemo/controlplane/internal/etcdstate/store.go:39.2,60.62 8 0
github.com/Meesho/BharatMLStack/mnemo/controlplane/internal/etcdstate/store.go:60.62,62.3 1 0
github.com/Meesho/BharatMLStack/mnemo/controlplane/internal/etcdstate/store.go:65.2,65.66 1 0
github.com/Meesho/BharatMLStack/mnemo/controlplane/internal/etcdstate/store.go:65.66,67.3 1 0
github.com/Meesho/BharatMLStack/mnemo/controlplane/internal/etcdstate/store.go:69.2,69.19 1 0
github.com/Meesho/BharatMLStack/mnemo/controlplane/internal/etcdstate/store.go:74.120,76.16 2 0
github.com/Meesho/BharatMLStack/mnemo/controlplane/internal/etcdstate/store.go:76.16,78.3 1 0
github.com/Meesho/BharatMLStack/mnemo/controlplane/internal/etcdstate/store.go:79.2,79.12 1 0
github.com/Meesho/BharatMLStack/mnemo/controlplane/internal/etcdstate/store.go:79.12,81.3 1 0
github.com/Meesho/BharatMLStack/mnemo/controlplane/internal/etcdstate/store.go:83.2,84.16 2 0
github.com/Meesho/BharatMLStack/mnemo/controlplane/internal/etcdstate/store.go:84.16,86.3 1 0
github.com/Meesho/BharatMLStack/mnemo/controlplane/internal/etcdstate/store.go:87.2,87.12 1 0
github.com/Meesho/BharatMLStack/mnemo/controlplane/internal/etcdstate/store.go:87.12,89.3 1 0
github.com/Meesho/BharatMLStack/mnemo/controlplane/internal/etcdstate/store.go:91.2,92.75 2 0
github.com/Meesho/BharatMLStack/mnemo/controlplane/internal/etcdstate/store.go:97.118,99.16 2 0
github.com/Meesho/BharatMLStack/mnemo/controlplane/internal/etcdstate/store.go:99.16,101.3 1 0
github.com/Meesho/BharatMLStack/mnemo/controlplane/internal/etcdstate/store.go:102.2,102.12 1 0
github.com/Meesho/BharatMLStack/mnemo/controlplane/internal/etcdstate/store.go:102.12,104.3 1 0
github.com/Meesho/BharatMLStack/mnemo/controlplane/internal/etcdstate/store.go:105.2,106.59 2 0
github.com/Meesho/BharatMLStack/mnemo/controlplane/internal/etcdstate/store.go:106.59,108.3 1 0
github.com/Meesho/BharatMLStack/mnemo/controlplane/internal/etcdstate/store.go:109.2,109.19 1 0
github.com/Meesho/BharatMLStack/mnemo/controlplane/internal/etcdstate/store.go:115.128,117.16 2 0
github.com/Meesho/BharatMLStack/mnemo/controlplane/internal/etcdstate/store.go:117.16,119.3 1 0
github.com/Meesho/BharatMLStack/mnemo/controlplane/internal/etcdstate/store.go:120.2,120.12 1 0
github.com/Meesho/BharatMLStack/mnemo/controlplane/internal/etcdstate/store.go:120.12,122.3 1 0
github.com/Meesho/BharatMLStack/mnemo/controlplane/internal/etcdstate/store.go:123.2,126.16 3 0
github.com/Meesho/BharatMLStack/mnemo/controlplane/internal/etcdstate/store.go:126.16,128.3 1 0
github.com/Meesho/BharatMLStack/mnemo/controlplane/internal/etcdstate/store.go:130.2,131.16 2 0
github.com/Meesho/BharatMLStack/mnemo/controlplane/internal/etcdstate/store.go:131.16,133.3 1 0
github.com/Meesho/BharatMLStack/mnemo/controlplane/internal/etcdstate/store.go:134.2,148.16 7 0
github.com/Meesho/BharatMLStack/mnemo/controlplane/internal/etcdstate/store.go:148.16,150.3 1 0
github.com/Meesho/BharatMLStack/mnemo/controlplane/internal/etcdstate/store.go:151.2,151.16 1 0
github.com/Meesho/BharatMLStack/mnemo/controlplane/internal/etcdstate/store.go:151.16,153.3 1 0
github.com/Meesho/BharatMLStack/mnemo/controlplane/internal/etcdstate/store.go:154.2,154.12 1 0
github.com/Meesho/BharatMLStack/mnemo/controlplane/internal/etcdstate/store.go:160.100,162.16 2 0
github.com/Meesho/BharatMLStack/mnemo/controlplane/internal/etcdstate/store.go:162.16,164.3 1 0
github.com/Meesho/BharatMLStack/mnemo/controlplane/internal/etcdstate/store.go:165.2,165.33 1 0
github.com/Meesho/BharatMLStack/mnemo/controlplane/internal/etcdstate/store.go:165.33,167.3 1 0
github.com/Meesho/BharatMLStack/mnemo/controlplane/internal/etcdstate/store.go:169.2,170.16 2 0
github.com/Meesho/BharatMLStack/mnemo/controlplane/internal/etcdstate/store.go:170.16,172.3 1 0
github.com/Meesho/BharatMLStack/mnemo/controlplane/internal/etcdstate/store.go:173.2,173.14 1 0
github.com/Meesho/BharatMLStack/mnemo/controlplane/internal/etcdstate/store.go:173.14,175.3 1 0
github.com/Meesho/BharatMLStack/mnemo/controlplane/internal/etcdstate/store.go:176.2,188.16 6 0
github.com/Meesho/BharatMLStack/mnemo/controlplane/internal/etcdstate/store.go:188.16,190.3 1 0
github.com/Meesho/BharatMLStack/mnemo/controlplane/internal/etcdstate/store.go:191.2,191.16 1 0
github.com/Meesho/BharatMLStack/mnemo/controlplane/internal/etcdstate/store.go:191.16,193.3 1 0
github.com/Meesho/BharatMLStack/mnemo/controlplane/internal/etcdstate/store.go:194.2,194.25 1 0
github.com/Meesho/BharatMLStack/mnemo/controlplane/internal/etcdstate/store.go:198.95,200.16 2 0
github.com/Meesho/BharatMLStack/mnemo/controlplane/internal/etcdstate/store.go:200.16,202.3 1 0
github.com/Meesho/BharatMLStack/mnemo/controlplane/internal/etcdstate/store.go:203.2,205.75 3 0
github.com/Meesho/BharatMLStack/mnemo/controlplane/internal/etcdstate/store.go:213.106,215.16 2 0
github.com/Meesho/BharatMLStack/mnemo/controlplane/internal/etcdstate/store.go:215.16,217.3 1 0
github.com/Meesho/BharatMLStack/mnemo/controlplane/internal/etcdstate/store.go:218.2,218.12 1 0
github.com/Meesho/BharatMLStack/mnemo/controlplane/internal/etcdstate/store.go:218.12,220.3 1 0
github.com/Meesho/BharatMLStack/mnemo/controlplane/internal/etcdstate/store.go:222.2,232.21 5 0
github.com/Meesho/BharatMLStack/mnemo/controlplane/internal/etcdstate/store.go:232.21,234.3 1 0
github.com/Meesho/BharatMLStack/mnemo/controlplane/internal/etcdstate/store.go:237.2,241.56 4 0
github.com/Meesho/BharatMLStack/mnemo/controlplane/internal/etcdstate/store.go:241.56,243.3 1 0
github.com/Meesho/BharatMLStack/mnemo/controlplane/internal/etcdstate/store.go:245.2,245.16 1 0
github.com/Meesho/BharatMLStack/mnemo/controlplane/internal/etcdstate/store.go:245.16,247.83 1 0
github.com/Meesho/BharatMLStack/mnemo/controlplane/internal/etcdstate/store.go:247.83,249.4 1 0
github.com/Meesho/BharatMLStack/mnemo/controlplane/internal/etcdstate/store.go:250.3,250.19 1 0
github.com/Meesho/BharatMLStack/mnemo/controlplane/internal/etcdstate/store.go:254.2,254.20 1 0
github.com/Meesho/BharatMLStack/mnemo/controlplane/internal/etcdstate/store.go:254.20,256.3 1 0
github.com/Meesho/BharatMLStack/mnemo/controlplane/internal/etcdstate/store.go:259.2,260.30 2 0
github.com/Meesho/BharatMLStack/mnemo/controlplane/internal/etcdstate/store.go:260.30,269.3 1 0
github.com/Meesho/BharatMLStack/mnemo/controlplane/internal/etcdstate/store.go:272.2,273.34 2 0
github.com/Meesho/BharatMLStack/mnemo/controlplane/internal/etcdstate/store.go:273.34,274.57 1 0
github.com/Meesho/BharatMLStack/mnemo/controlplane/internal/etcdstate/store.go:274.57,275.12 1 0
github.com/Meesho/BharatMLStack/mnemo/controlplane/internal/etcdstate/store.go:277.3,281.27 2 0
github.com/Meesho/BharatMLStack/mnemo/controlplane/internal/etcdstate/store.go:284.2,284.26 1 0
github.com/Meesho/BharatMLStack/mnemo/controlplane/internal/etcdstate/store.go:284.26,285.38 1 0
github.com/Meesho/BharatMLStack/mnemo/controlplane/internal/etcdstate/store.go:285.38,286.40 1 0
github.com/Meesho/BharatMLStack/mnemo/controlplane/internal/etcdstate/store.go:286.40,288.5 1 0
github.com/Meesho/BharatMLStack/mnemo/controlplane/internal/etcdstate/store.go:290.3,290.30 1 0
github.com/Meesho/BharatMLStack/mnemo/controlplane/internal/etcdstate/store.go:290.30,291.55 1 0
github.com/Meesho/BharatMLStack/mnemo/controlplane/internal/etcdstate/store.go:291.55,293.5 1 0
github.com/Meesho/BharatMLStack/mnemo/controlplane/internal/etcdstate/store.go:295.3,295.30 1 0
github.com/Meesho/BharatMLStack/mnemo/controlplane/internal/etcdstate/store.go:295.30,296.55 1 0
github.com/Meesho/BharatMLStack/mnemo/controlplane/internal/etcdstate/store.go:296.55,298.5 1 0
github.com/Meesho/BharatMLStack/mnemo/controlplane/internal/etcdstate/store.go:303.2,303.45 1 0
github.com/Meesho/BharatMLStack/mnemo/controlplane/internal/etcdstate/store.go:303.45,305.3 1 0
github.com/Meesho/BharatMLStack/mnemo/controlplane/internal/etcdstate/store.go:308.2,309.36 2 0
github.com/Meesho/BharatMLStack/mnemo/controlplane/internal/etcdstate/store.go:309.36,311.3 1 0
github.com/Meesho/BharatMLStack/mnemo/controlplane/internal/etcdstate/store.go:312.2,312.48 1 0
github.com/Meesho/BharatMLStack/mnemo/controlplane/internal/etcdstate/store.go:312.48,314.3 1 0
github.com/Meesho/BharatMLStack/mnemo/controlplane/internal/etcdstate/store.go:316.2,316.18 1 0
github.com/Meesho/BharatMLStack/mnemo/controlplane/internal/etcdstate/store.go:321.114,323.16 2 0
github.com/Meesho/BharatMLStack/mnemo/controlplane/internal/etcdstate/store.go:323.16,325.3 1 0
github.com/Meesho/BharatMLStack/mnemo/controlplane/internal/etcdstate/store.go:326.2,326.12 1 0
github.com/Meesho/BharatMLStack/mnemo/controlplane/internal/etcdstate/store.go:326.12,328.3 1 0
github.com/Meesho/BharatMLStack/mnemo/controlplane/internal/etcdstate/store.go:329.2,330.69 2 0
github.com/Meesho/BharatMLStack/mnemo/controlplane/internal/etcdstate/store.go:335.113,337.16 2 0
github.com/Meesho/BharatMLStack/mnemo/controlplane/internal/etcdstate/store.go:337.16,339.3 1 0
github.com/Meesho/BharatMLStack/mnemo/controlplane/internal/etcdstate/store.go:340.2,340.12 1 0
github.com/Meesho/BharatMLStack/mnemo/controlplane/internal/etcdstate/store.go:340.12,342.3 1 0
github.com/Meesho/BharatMLStack/mnemo/controlplane/internal/etcdstate/store.go:343.2,344.58 2 0
github.com/Meesho/BharatMLStack/mnemo/controlplane/internal/etcdstate/store.go:344.58,346.3 1 0
github.com/Meesho/BharatMLStack/mnemo/controlplane/internal/etcdstate/store.go:347.2,347.18 1 0
github.com/Meesho/BharatMLStack/mnemo/controlplane/internal/etcdstate/store.go:352.115,354.16 2 0
github.com/Meesho/BharatMLStack/mnemo/controlplane/internal/etcdstate/store.go:354.16,356.3 1 0
github.com/Meesho/BharatMLStack/mnemo/controlplane/internal/etcdstate/store.go:357.2,357.12 1 0
github.com/Meesho/BharatMLStack/mnemo/controlplane/internal/etcdstate/store.go:357.12,359.3 1 0
github.com/Meesho/BharatMLStack/mnemo/controlplane/internal/etcdstate/store.go:360.2,361.58 2 0
github.com/Meesho/BharatMLStack/mnemo/controlplane/internal/etcdstate/store.go:361.58,363.3 1 0
github.com/Meesho/BharatMLStack/mnemo/controlplane/internal/etcdstate/store.go:364.2,364.18 1 0
github.com/Meesho/BharatMLStack/mnemo/controlplane/internal/etcdstate/store.go:369.116,371.16 2 0
github.com/Meesho/BharatMLStack/mnemo/controlplane/internal/etcdstate/store.go:371.16,373.3 1 0
github.com/Meesho/BharatMLStack/mnemo/controlplane/internal/etcdstate/store.go:374.2,374.12 1 0
github.com/Meesho/BharatMLStack/mnemo/controlplane/internal/etcdstate/store.go:374.12,376.3 1 0
github.com/Meesho/BharatMLStack/mnemo/controlplane/internal/etcdstate/store.go:377.2,378.73 2 0
github.com/Meesho/BharatMLStack/mnemo/controlplane/internal/etcdstate/store.go:382.113,385.16 3 0
github.com/Meesho/BharatMLStack/mnemo/controlplane/internal/etcdstate/store.go:385.16,387.3 1 0
github.com/Meesho/BharatMLStack/mnemo/controlplane/internal/etcdstate/store.go:389.2,390.28 2 0
github.com/Meesho/BharatMLStack/mnemo/controlplane/internal/etcdstate/store.go:390.28,392.18 2 0
github.com/Meesho/BharatMLStack/mnemo/controlplane/internal/etcdstate/store.go:392.18,393.12 1 0
github.com/Meesho/BharatMLStack/mnemo/controlplane/internal/etcdstate/store.go:395.3,396.60 2 0
github.com/Meesho/BharatMLStack/mnemo/controlplane/internal/etcdstate/store.go:396.60,397.12 1 0
github.com/Meesho/BharatMLStack/mnemo/controlplane/internal/etcdstate/store.go:399.3,399.21 1 0
github.com/Meesho/BharatMLStack/mnemo/controlplane/internal/etcdstate/store.go:401.2,401.18 1 0
github.com/Meesho/BharatMLStack/mnemo/controlplane/internal/etcdstate/store.go:413.79,416.16 3 0
github.com/Meesho/BharatMLStack/mnemo/controlplane/internal/etcdstate/store.go:416.16,418.3 1 0
github.com/Meesho/BharatMLStack/mnemo/controlplane/internal/etcdstate/store.go:420.2,421.23 2 0
github.com/Meesho/BharatMLStack/mnemo/controlplane/internal/etcdstate/store.go:421.23,423.44 1 0
github.com/Meesho/BharatMLStack/mnemo/controlplane/internal/etcdstate/store.go:423.44,424.12 1 0
github.com/Meesho/BharatMLStack/mnemo/controlplane/internal/etcdstate/store.go:426.3,429.41 4 0
github.com/Meesho/BharatMLStack/mnemo/controlplane/internal/etcdstate/store.go:429.41,430.12 1 0
github.com/Meesho/BharatMLStack/mnemo/controlplane/internal/etcdstate/store.go:432.3,432.62 1 0
github.com/Meesho/BharatMLStack/mnemo/controlplane/internal/etcdstate/store.go:434.2,434.18 1 0
github.com/Meesho/BharatMLStack/mnemo/controlplane/internal/etcdstate/store.go:438.122,441.16 3 0
github.com/Meesho/BharatMLStack/mnemo/controlplane/internal/etcdstate/store.go:441.16,443.3 1 0
github.com/Meesho/BharatMLStack/mnemo/controlplane/internal/etcdstate/store.go:445.2,446.28 2 0
github.com/Meesho/BharatMLStack/mnemo/controlplane/internal/etcdstate/store.go:446.28,448.16 2 0
github.com/Meesho/BharatMLStack/mnemo/controlplane/internal/etcdstate/store.go:448.16,449.12 1 0
github.com/Meesho/BharatMLStack/mnemo/controlplane/internal/etcdstate/store.go:451.3,452.60 2 0
github.com/Meesho/BharatMLStack/mnemo/controlplane/internal/etcdstate/store.go:452.60,453.12 1 0
github.com/Meesho/BharatMLStack/mnemo/controlplane/internal/etcdstate/store.go:455.3,455.24 1 0
github.com/Meesho/BharatMLStack/mnemo/controlplane/internal/etcdstate/store.go:457.2,457.22 1 0
github.com/Meesho/BharatMLStack/mnemo/controlplane/internal/placement/placement.go:21.106,23.34 2 5
github.com/Meesho/BharatMLStack/mnemo/controlplane/internal/placement/placement.go:23.34,25.3 1 7
github.com/Meesho/BharatMLStack/mnemo/controlplane/internal/placement/placement.go:27.2,27.32 1 5
github.com/Meesho/BharatMLStack/mnemo/controlplane/internal/placement/placement.go:27.32,29.16 2 5
github.com/Meesho/BharatMLStack/mnemo/controlplane/internal/placement/placement.go:29.16,30.12 1 0
github.com/Meesho/BharatMLStack/mnemo/controlplane/internal/placement/placement.go:32.3,32.36 1 5
github.com/Meesho/BharatMLStack/mnemo/controlplane/internal/placement/placement.go:32.36,33.12 1 0
github.com/Meesho/BharatMLStack/mnemo/controlplane/internal/placement/placement.go:35.3,35.40 1 5
github.com/Meesho/BharatMLStack/mnemo/controlplane/internal/placement/placement.go:35.40,36.21 1 6
github.com/Meesho/BharatMLStack/mnemo/controlplane/internal/placement/placement.go:36.21,38.18 2 5
github.com/Meesho/BharatMLStack/mnemo/controlplane/internal/placement/placement.go:38.18,40.6 1 0
github.com/Meesho/BharatMLStack/mnemo/controlplane/internal/placement/placement.go:41.5,42.10 2 5
github.com/Meesho/BharatMLStack/mnemo/controlplane/internal/placement/placement.go:46.2,46.19 1 5
github.com/Meesho/BharatMLStack/mnemo/controlplane/internal/placement/placement.go:56.42,59.13 3 5
github.com/Meesho/BharatMLStack/mnemo/controlplane/internal/placement/placement.go:59.13,61.3 1 0
github.com/Meesho/BharatMLStack/mnemo/controlplane/internal/placement/placement.go:62.2,63.16 2 5
github.com/Meesho/BharatMLStack/mnemo/controlplane/internal/placement/placement.go:63.16,65.3 1 0
github.com/Meesho/BharatMLStack/mnemo/controlplane/internal/placement/placement.go:66.2,67.13 2 5
github.com/Meesho/BharatMLStack/mnemo/controlplane/internal/placement/placement.go:67.13,69.3 1 0
github.com/Meesho/BharatMLStack/mnemo/controlplane/internal/placement/placement.go:70.2,70.19 1 5
github.com/Meesho/BharatMLStack/mnemo/controlplane/internal/reconciler/reconciler.go:57.65,59.2 1 11
github.com/Meesho/BharatMLStack/mnemo/controlplane/internal/reconciler/reconciler.go:62.47,67.6 4 0
github.com/Meesho/BharatMLStack/mnemo/controlplane/internal/reconciler/reconciler.go:67.6,68.10 1 0
github.com/Meesho/BharatMLStack/mnemo/controlplane/internal/reconciler/reconciler.go:69.21,71.10 2 0
github.com/Meesho/BharatMLStack/mnemo/controlplane/internal/reconciler/reconciler.go:72.14,73.24 1 0
github.com/Meesho/BharatMLStack/mnemo/controlplane/internal/reconciler/reconciler.go:81.57,83.16 2 11
github.com/Meesho/BharatMLStack/mnemo/controlplane/internal/reconciler/reconciler.go:83.16,86.3 2 0
github.com/Meesho/BharatMLStack/mnemo/controlplane/internal/reconciler/reconciler.go:88.2,88.29 1 11
github.com/Meesho/BharatMLStack/mnemo/controlplane/internal/reconciler/reconciler.go:88.29,90.3 1 11
github.com/Meesho/BharatMLStack/mnemo/controlplane/internal/reconciler/reconciler.go:93.82,97.48 3 11
github.com/Meesho/BharatMLStack/mnemo/controlplane/internal/reconciler/reconciler.go:97.48,99.3 1 2
github.com/Meesho/BharatMLStack/mnemo/controlplane/internal/reconciler/reconciler.go:101.2,102.16 2 9
github.com/Meesho/BharatMLStack/mnemo/controlplane/internal/reconciler/reconciler.go:102.16,105.3 2 0
github.com/Meesho/BharatMLStack/mnemo/controlplane/internal/reconciler/reconciler.go:107.2,108.16 2 9
github.com/Meesho/BharatMLStack/mnemo/controlplane/internal/reconciler/reconciler.go:108.16,111.3 2 0
github.com/Meesho/BharatMLStack/mnemo/controlplane/internal/reconciler/reconciler.go:113.2,114.21 2 9
github.com/Meesho/BharatMLStack/mnemo/controlplane/internal/reconciler/reconciler.go:114.21,116.17 2 5
github.com/Meesho/BharatMLStack/mnemo/controlplane/internal/reconciler/reconciler.go:116.17,119.4 2 0
github.com/Meesho/BharatMLStack/mnemo/controlplane/internal/reconciler/reconciler.go:121.3,122.85 2 5
github.com/Meesho/BharatMLStack/mnemo/controlplane/internal/reconciler/reconciler.go:122.85,128.4 1 2
github.com/Meesho/BharatMLStack/mnemo/controlplane/internal/reconciler/reconciler.go:128.9,128.106 1 3
github.com/Meesho/BharatMLStack/mnemo/controlplane/internal/reconciler/reconciler.go:128.106,129.39 1 1
github.com/Meesho/BharatMLStack/mnemo/controlplane/internal/reconciler/reconciler.go:129.39,131.5 1 1
github.com/Meesho/BharatMLStack/mnemo/controlplane/internal/reconciler/reconciler.go:131.10,133.5 1 0
github.com/Meesho/BharatMLStack/mnemo/controlplane/internal/reconciler/reconciler.go:134.4,134.10 1 1
github.com/Meesho/BharatMLStack/mnemo/controlplane/internal/reconciler/reconciler.go:135.9,139.4 2 2
github.com/Meesho/BharatMLStack/mnemo/controlplane/internal/reconciler/reconciler.go:144.2,144.54 1 6
github.com/Meesho/BharatMLStack/mnemo/controlplane/internal/reconciler/reconciler.go:149.50,150.25 1 10
github.com/Meesho/BharatMLStack/mnemo/controlplane/internal/reconciler/reconciler.go:150.25,152.3 1 2
github.com/Meesho/BharatMLStack/mnemo/controlplane/internal/reconciler/reconciler.go:153.2,153.20 1 8
github.com/Meesho/BharatMLStack/mnemo/controlplane/internal/reconciler/reconciler.go:153.20,155.3 1 7
github.com/Meesho/BharatMLStack/mnemo/controlplane/internal/reconciler/reconciler.go:156.2,156.10 1 1
github.com/Meesho/BharatMLStack/mnemo/controlplane/internal/reconciler/reconciler.go:160.151,161.41 1 6
github.com/Meesho/BharatMLStack/mnemo/controlplane/internal/reconciler/reconciler.go:161.41,163.3 1 3
github.com/Meesho/BharatMLStack/mnemo/controlplane/internal/reconciler/reconciler.go:164.2,164.93 1 3
github.com/Meesho/BharatMLStack/mnemo/controlplane/internal/reconciler/reconciler.go:164.93,165.80 1 1
github.com/Meesho/BharatMLStack/mnemo/controlplane/internal/reconciler/reconciler.go:165.80,168.12 2 0
github.com/Meesho/BharatMLStack/mnemo/controlplane/internal/reconciler/reconciler.go:170.3,171.75 1 1
github.com/Meesho/BharatMLStack/mnemo/controlplane/internal/reconciler/reconciler.go:178.85,180.34 2 12
github.com/Meesho/BharatMLStack/mnemo/controlplane/internal/reconciler/reconciler.go:180.34,181.54 1 23
github.com/Meesho/BharatMLStack/mnemo/controlplane/internal/reconciler/reconciler.go:181.54,182.12 1 12
github.com/Meesho/BharatMLStack/mnemo/controlplane/internal/reconciler/reconciler.go:184.3,184.20 1 11
github.com/Meesho/BharatMLStack/mnemo/controlplane/internal/reconciler/reconciler.go:184.20,185.12 1 3
github.com/Meesho/BharatMLStack/mnemo/controlplane/internal/reconciler/reconciler.go:187.3,187.17 1 8
github.com/Meesho/BharatMLStack/mnemo/controlplane/internal/reconciler/reconciler.go:187.17,189.4 1 8
github.com/Meesho/BharatMLStack/mnemo/controlplane/internal/reconciler/reconciler.go:191.2,191.13 1 12
github.com/Meesho/BharatMLStack/mnemo/controlplane/internal/reconciler/reconciler.go:202.107,204.28 2 5
github.com/Meesho/BharatMLStack/mnemo/controlplane/internal/reconciler/reconciler.go:204.28,206.3 1 17
github.com/Meesho/BharatMLStack/mnemo/controlplane/internal/reconciler/reconciler.go:207.2,211.26 4 5
github.com/Meesho/BharatMLStack/mnemo/controlplane/internal/reconciler/reconciler.go:211.26,212.19 1 17
github.com/Meesho/BharatMLStack/mnemo/controlplane/internal/reconciler/reconciler.go:212.19,214.12 2 2
github.com/Meesho/BharatMLStack/mnemo/controlplane/internal/reconciler/reconciler.go:216.3,216.26 1 15
github.com/Meesho/BharatMLStack/mnemo/controlplane/internal/reconciler/reconciler.go:216.26,219.4 2 8
github.com/Meesho/BharatMLStack/mnemo/controlplane/internal/reconciler/reconciler.go:222.2,223.26 2 5
github.com/Meesho/BharatMLStack/mnemo/controlplane/internal/reconciler/reconciler.go:223.26,224.16 1 17
github.com/Meesho/BharatMLStack/mnemo/controlplane/internal/reconciler/reconciler.go:224.16,225.12 1 0
github.com/Meesho/BharatMLStack/mnemo/controlplane/internal/reconciler/reconciler.go:227.3,227.36 1 17
github.com/Meesho/BharatMLStack/mnemo/controlplane/internal/reconciler/reconciler.go:227.36,228.12 1 12
github.com/Meesho/BharatMLStack/mnemo/controlplane/internal/reconciler/reconciler.go:230.3,230.71 1 5
github.com/Meesho/BharatMLStack/mnemo/controlplane/internal/reconciler/reconciler.go:230.71,231.12 1 2
github.com/Meesho/BharatMLStack/mnemo/controlplane/internal/reconciler/reconciler.go:233.3,233.31 1 3
github.com/Meesho/BharatMLStack/mnemo/controlplane/internal/reconciler/reconciler.go:235.2,235.15 1 5
github.com/Meesho/BharatMLStack/mnemo/controlplane/internal/reconciler/reconciler.go:239.79,241.34 2 5
github.com/Meesho/BharatMLStack/mnemo/controlplane/internal/reconciler/reconciler.go:241.34,243.32 2 7
github.com/Meesho/BharatMLStack/mnemo/controlplane/internal/reconciler/reconciler.go:243.32,245.4 1 2
github.com/Meesho/BharatMLStack/mnemo/controlplane/internal/reconciler/reconciler.go:247.2,247.16 1 5
github.com/Meesho/BharatMLStack/mnemo/controlplane/internal/server/server.go:23.60,31.2 6 0
github.com/Meesho/BharatMLStack/mnemo/controlplane/internal/server/server.go:34.41,36.2 1 0
github.com/Meesho/BharatMLStack/mnemo/controlplane/internal/server/server.go:40.49,46.12 2 0
github.com/Meesho/BharatMLStack/mnemo/controlplane/internal/server/server.go:46.12,51.3 4 0
github.com/Meesho/BharatMLStack/mnemo/controlplane/internal/server/server.go:53.2,53.86 1 0
github.com/Meesho/BharatMLStack/mnemo/controlplane/internal/server/server.go:53.86,55.3 1 0
github.com/Meesho/BharatMLStack/mnemo/controlplane/internal/server/server.go:56.2,56.12 1 0
github.com/Meesho/BharatMLStack/mnemo/controlplane/internal/server/server.go:59.55,78.54 13 0
github.com/Meesho/BharatMLStack/mnemo/controlplane/internal/server/server.go:78.54,80.3 1 0
github.com/Meesho/BharatMLStack/mnemo/controlplane/internal/server/server.go:83.2,83.40 1 0
github.com/Meesho/BharatMLStack/mnemo/controlplane/internal/server/handlers/client_config.go:14.52,19.47 4 0
github.com/Meesho/BharatMLStack/mnemo/controlplane/internal/server/handlers/client_config.go:19.47,22.3 2 0
github.com/Meesho/BharatMLStack/mnemo/controlplane/internal/server/handlers/client_config.go:24.2,24.89 1 0
github.com/Meesho/BharatMLStack/mnemo/controlplane/internal/server/handlers/client_config.go:24.89,25.44 1 0
github.com/Meesho/BharatMLStack/mnemo/controlplane/internal/server/handlers/client_config.go:25.44,28.4 2 0
github.com/Meesho/BharatMLStack/mnemo/controlplane/internal/server/handlers/client_config.go:29.3,30.9 2 0
github.com/Meesho/BharatMLStack/mnemo/controlplane/internal/server/handlers/client_config.go:33.2,37.4 1 0
github.com/Meesho/BharatMLStack/mnemo/controlplane/internal/server/handlers/client_config.go:41.52,46.16 4 0
github.com/Meesho/BharatMLStack/mnemo/controlplane/internal/server/handlers/client_config.go:46.16,47.44 1 0
github.com/Meesho/BharatMLStack/mnemo/controlplane/internal/server/handlers/client_config.go:47.44,50.4 2 0
github.com/Meesho/BharatMLStack/mnemo/controlplane/internal/server/handlers/client_config.go:51.3,52.9 2 0
github.com/Meesho/BharatMLStack/mnemo/controlplane/internal/server/handlers/client_config.go:55.2,55.28 1 0
github.com/Meesho/BharatMLStack/mnemo/controlplane/internal/server/handlers/dataflow.go:14.48,19.47 4 0
github.com/Meesho/BharatMLStack/mnemo/controlplane/internal/server/handlers/dataflow.go:19.47,22.3 2 0
github.com/Meesho/BharatMLStack/mnemo/controlplane/internal/server/handlers/dataflow.go:24.2,24.85 1 0
github.com/Meesho/BharatMLStack/mnemo/controlplane/internal/server/handlers/dataflow.go:24.85,25.44 1 0
github.com/Meesho/BharatMLStack/mnemo/controlplane/internal/server/handlers/dataflow.go:25.44,28.4 2 0
github.com/Meesho/BharatMLStack/mnemo/controlplane/internal/server/handlers/dataflow.go:29.3,30.9 2 0
github.com/Meesho/BharatMLStack/mnemo/controlplane/internal/server/handlers/dataflow.go:33.2,37.4 1 0
github.com/Meesho/BharatMLStack/mnemo/controlplane/internal/server/handlers/dataflow.go:41.48,46.16 4 0
github.com/Meesho/BharatMLStack/mnemo/controlplane/internal/server/handlers/dataflow.go:46.16,47.44 1 0
github.com/Meesho/BharatMLStack/mnemo/controlplane/internal/server/handlers/dataflow.go:47.44,50.4 2 0
github.com/Meesho/BharatMLStack/mnemo/controlplane/internal/server/handlers/dataflow.go:51.3,52.9 2 0
github.com/Meesho/BharatMLStack/mnemo/controlplane/internal/server/handlers/dataflow.go:55.2,55.28 1 0
github.com/Meesho/BharatMLStack/mnemo/controlplane/internal/server/handlers/handlers.go:14.49,16.2 1 0
github.com/Meesho/BharatMLStack/mnemo/controlplane/internal/server/handlers/health.go:18.42,21.44 3 0
github.com/Meesho/BharatMLStack/mnemo/controlplane/internal/server/handlers/health.go:21.44,24.3 2 0
github.com/Meesho/BharatMLStack/mnemo/controlplane/internal/server/handlers/health.go:25.2,25.49 1 0
github.com/Meesho/BharatMLStack/mnemo/controlplane/internal/server/handlers/store.go:31.49,35.47 3 0
github.com/Meesho/BharatMLStack/mnemo/controlplane/internal/server/handlers/store.go:35.47,38.3 2 0
github.com/Meesho/BharatMLStack/mnemo/controlplane/internal/server/handlers/store.go:40.2,47.70 2 0
github.com/Meesho/BharatMLStack/mnemo/controlplane/internal/server/handlers/store.go:47.70,48.49 1 0
github.com/Meesho/BharatMLStack/mnemo/controlplane/internal/server/handlers/store.go:48.49,51.4 2 0
github.com/Meesho/BharatMLStack/mnemo/controlplane/internal/server/handlers/store.go:52.3,53.9 2 0
github.com/Meesho/BharatMLStack/mnemo/controlplane/internal/server/handlers/store.go:56.2,63.4 2 0
github.com/Meesho/BharatMLStack/mnemo/controlplane/internal/server/handlers/store.go:67.45,72.16 4 0
github.com/Meesho/BharatMLStack/mnemo/controlplane/internal/server/handlers/store.go:72.16,73.44 1 0
github.com/Meesho/BharatMLStack/mnemo/controlplane/internal/server/handlers/store.go:73.44,76.4 2 0
github.com/Meesho/BharatMLStack/mnemo/controlplane/internal/server/handlers/store.go:77.3,78.9 2 0
github.com/Meesho/BharatMLStack/mnemo/controlplane/internal/server/handlers/store.go:81.2,81.30 1 0
github.com/Meesho/BharatMLStack/mnemo/controlplane/internal/server/handlers/topology.go:13.48,18.16 4 0
github.com/Meesho/BharatMLStack/mnemo/controlplane/internal/server/handlers/topology.go:18.16,19.44 1 0
github.com/Meesho/BharatMLStack/mnemo/controlplane/internal/server/handlers/topology.go:19.44,22.4 2 0
github.com/Meesho/BharatMLStack/mnemo/controlplane/internal/server/handlers/topology.go:23.3,24.9 2 0
github.com/Meesho/BharatMLStack/mnemo/controlplane/internal/server/handlers/topology.go:27.2,27.29 1 0
github.com/Meesho/BharatMLStack/mnemo/controlplane/internal/server/handlers/version.go:24.51,30.47 5 0
github.com/Meesho/BharatMLStack/mnemo/controlplane/internal/server/handlers/version.go:30.47,33.3 2 0
github.com/Meesho/BharatMLStack/mnemo/controlplane/internal/server/handlers/version.go:35.2,36.16 2 0
github.com/Meesho/BharatMLStack/mnemo/controlplane/internal/server/handlers/version.go:36.16,37.44 1 0
github.com/Meesho/BharatMLStack/mnemo/controlplane/internal/server/handlers/version.go:37.44,40.4 2 0
github.com/Meesho/BharatMLStack/mnemo/controlplane/internal/server/handlers/version.go:41.3,42.9 2 0
github.com/Meesho/BharatMLStack/mnemo/controlplane/internal/server/handlers/version.go:45.2,52.94 2 0
github.com/Meesho/BharatMLStack/mnemo/controlplane/internal/server/handlers/version.go:52.94,53.49 1 0
github.com/Meesho/BharatMLStack/mnemo/controlplane/internal/server/handlers/version.go:53.49,56.4 2 0
github.com/Meesho/BharatMLStack/mnemo/controlplane/internal/server/handlers/version.go:57.3,58.9 2 0
github.com/Meesho/BharatMLStack/mnemo/controlplane/internal/server/handlers/version.go:61.2,66.4 1 0
github.com/Meesho/BharatMLStack/mnemo/controlplane/internal/server/handlers/version.go:70.51,77.16 6 0
github.com/Meesho/BharatMLStack/mnemo/controlplane/internal/server/handlers/version.go:77.16,78.44 1 0
github.com/Meesho/BharatMLStack/mnemo/controlplane/internal/server/handlers/version.go:78.44,81.4 2 0
github.com/Meesho/BharatMLStack/mnemo/controlplane/internal/server/handlers/version.go:82.3,83.9 2 0
github.com/Meesho/BharatMLStack/mnemo/controlplane/internal/server/handlers/version.go:86.2,87.16 2 0
github.com/Meesho/BharatMLStack/mnemo/controlplane/internal/server/handlers/version.go:87.16,90.3 2 0
github.com/Meesho/BharatMLStack/mnemo/controlplane/internal/server/handlers/version.go:92.2,95.52 3 0
github.com/Meesho/BharatMLStack/mnemo/controlplane/internal/server/handlers/version.go:95.52,97.32 2 0
github.com/Meesho/BharatMLStack/mnemo/controlplane/internal/server/handlers/version.go:97.32,99.4 1 0
github.com/Meesho/BharatMLStack/mnemo/controlplane/internal/server/handlers/version.go:101.2,103.22 2 0
github.com/Meesho/BharatMLStack/mnemo/controlplane/internal/server/handlers/version.go:103.22,109.3 2 0
github.com/Meesho/BharatMLStack/mnemo/controlplane/internal/server/handlers/version.go:111.2,111.84 1 0
github.com/Meesho/BharatMLStack/mnemo/controlplane/internal/server/handlers/version.go:111.84,112.47 1 0
github.com/Meesho/BharatMLStack/mnemo/controlplane/internal/server/handlers/version.go:112.47,115.4 2 0
github.com/Meesho/BharatMLStack/mnemo/controlplane/internal/server/handlers/version.go:116.3,116.44 1 0
github.com/Meesho/BharatMLStack/mnemo/controlplane/internal/server/handlers/version.go:116.44,119.4 2 0
github.com/Meesho/BharatMLStack/mnemo/controlplane/internal/server/handlers/version.go:120.3,121.9 2 0
github.com/Meesho/BharatMLStack/mnemo/controlplane/internal/server/handlers/version.go:124.2,129.4 1 0
github.com/Meesho/BharatMLStack/mnemo/controlplane/internal/server/handlers/version.go:133.45,138.16 4 0
github.com/Meesho/BharatMLStack/mnemo/controlplane/internal/server/handlers/version.go:138.16,139.46 1 0
github.com/Meesho/BharatMLStack/mnemo/controlplane/internal/server/handlers/version.go:139.46,142.4 2 0
github.com/Meesho/BharatMLStack/mnemo/controlplane/internal/server/handlers/version.go:143.3,143.47 1 0
github.com/Meesho/BharatMLStack/mnemo/controlplane/internal/server/handlers/version.go:143.47,146.4 2 0
github.com/Meesho/BharatMLStack/mnemo/controlplane/internal/server/handlers/version.go:147.3,148.9 2 0
github.com/Meesho/BharatMLStack/mnemo/controlplane/internal/server/handlers/version.go:151.2,155.4 1 0
github.com/Meesho/BharatMLStack/mnemo/controlplane/internal/server/handlers/version.go:159.50,164.87 4 0
github.com/Meesho/BharatMLStack/mnemo/controlplane/internal/server/handlers/version.go:164.87,165.44 1 0
github.com/Meesho/BharatMLStack/mnemo/controlplane/internal/server/handlers/version.go:165.44,168.4 2 0
github.com/Meesho/BharatMLStack/mnemo/controlplane/internal/server/handlers/version.go:169.3,170.9 2 0
github.com/Meesho/BharatMLStack/mnemo/controlplane/internal/server/handlers/version.go:173.2,178.4 1 0
github.com/Meesho/BharatMLStack/mnemo/controlplane/internal/sizing/sizing.go:41.34,48.25 5 0
github.com/Meesho/BharatMLStack/mnemo/controlplane/internal/sizing/sizing.go:48.25,50.3 1 0
github.com/Meesho/BharatMLStack/mnemo/controlplane/internal/sizing/sizing.go:52.2,53.38 2 0
github.com/Meesho/BharatMLStack/mnemo/controlplane/internal/sizing/sizing.go:53.38,55.3 1 0
github.com/Meesho/BharatMLStack/mnemo/controlplane/internal/sizing/sizing.go:57.2,64.3 1 0
github.com/Meesho/BharatMLStack/mnemo/controlplane/model/keys.go:32.47,34.2 1 0
github.com/Meesho/BharatMLStack/mnemo/controlplane/model/keys.go:37.49,39.2 1 0
github.com/Meesho/BharatMLStack/mnemo/controlplane/model/keys.go:42.50,44.2 1 0
github.com/Meesho/BharatMLStack/mnemo/controlplane/model/keys.go:47.53,49.2 1 0
github.com/Meesho/BharatMLStack/mnemo/controlplane/model/keys.go:52.55,54.2 1 0
github.com/Meesho/BharatMLStack/mnemo/controlplane/model/keys.go:57.55,59.2 1 0
github.com/Meesho/BharatMLStack/mnemo/controlplane/model/keys.go:66.60,68.2 1 0
github.com/Meesho/BharatMLStack/mnemo/controlplane/model/keys.go:71.55,73.2 1 0
github.com/Meesho/BharatMLStack/mnemo/controlplane/model/keys.go:80.48,82.2 1 0
github.com/Meesho/BharatMLStack/mnemo/controlplane/model/keys.go:89.52,91.2 1 0
github.com/Meesho/BharatMLStack/mnemo/controlplane/model/keys.go:98.54,100.2 1 0
github.com/Meesho/BharatMLStack/mnemo/controlplane/model/keys.go:103.50,105.2 1 0
github.com/Meesho/BharatMLStack/mnemo/controlplane/internal/coverage/checker.go:27.34,28.18 1 4
github.com/Meesho/BharatMLStack/mnemo/controlplane/internal/coverage/checker.go:28.18,30.3 1 1
github.com/Meesho/BharatMLStack/mnemo/controlplane/internal/coverage/checker.go:31.2,31.43 1 3
github.com/Meesho/BharatMLStack/mnemo/controlplane/internal/coverage/checker.go:35.36,37.2 1 4
github.com/Meesho/BharatMLStack/mnemo/controlplane/internal/coverage/checker.go:50.36,52.2 1 6
github.com/Meesho/BharatMLStack/mnemo/controlplane/internal/coverage/checker.go:55.110,57.16 2 6
github.com/Meesho/BharatMLStack/mnemo/controlplane/internal/coverage/checker.go:57.16,59.3 1 1
github.com/Meesho/BharatMLStack/mnemo/controlplane/internal/coverage/checker.go:61.2,64.34 3 5
github.com/Meesho/BharatMLStack/mnemo/controlplane/internal/coverage/checker.go:64.34,66.31 2 12
github.com/Meesho/BharatMLStack/mnemo/controlplane/internal/coverage/checker.go:66.31,68.4 1 6
github.com/Meesho/BharatMLStack/mnemo/controlplane/internal/coverage/checker.go:68.9,70.4 1 6
github.com/Meesho/BharatMLStack/mnemo/controlplane/internal/coverage/checker.go:72.2,73.20 2 5
github.com/Meesho/BharatMLStack/mnemo/controlplane/internal/etcdstate/client.go:121.87,123.16 2 0
github.com/Meesho/BharatMLStack/mnemo/controlplane/internal/etcdstate/client.go:123.16,125.3 1 0
github.com/Meesho/BharatMLStack/mnemo/controlplane/internal/etcdstate/client.go:126.2,126.24 1 0
github.com/Meesho/BharatMLStack/mnemo/controlplane/internal/etcdstate/client.go:126.24,128.3 1 0
github.com/Meesho/BharatMLStack/mnemo/controlplane/internal/etcdstate/client.go:129.2,130.52 2 0
github.com/Meesho/BharatMLStack/mnemo/controlplane/internal/etcdstate/client.go:133.71,136.2 2 0
github.com/Meesho/BharatMLStack/mnemo/controlplane/internal/etcdstate/client.go:138.94,140.16 2 0
github.com/Meesho/BharatMLStack/mnemo/controlplane/internal/etcdstate/client.go:140.16,142.3 1 0
github.com/Meesho/BharatMLStack/mnemo/controlplane/internal/etcdstate/client.go:143.2,144.30 2 0
github.com/Meesho/BharatMLStack/mnemo/controlplane/internal/etcdstate/client.go:144.30,146.3 1 0
github.com/Meesho/BharatMLStack/mnemo/controlplane/internal/etcdstate/client.go:147.2,147.20 1 0
github.com/Meesho/BharatMLStack/mnemo/controlplane/internal/etcdstate/client.go:150.103,152.26 2 0
github.com/Meesho/BharatMLStack/mnemo/controlplane/internal/etcdstate/client.go:152.26,154.3 1 0
github.com/Meesho/BharatMLStack/mnemo/controlplane/internal/etcdstate/client.go:155.2,159.16 2 0
github.com/Meesho/BharatMLStack/mnemo/controlplane/internal/etcdstate/client.go:159.16,161.3 1 0
github.com/Meesho/BharatMLStack/mnemo/controlplane/internal/etcdstate/client.go:162.2,162.21 1 0
github.com/Meesho/BharatMLStack/mnemo/controlplane/internal/etcdstate/client.go:162.21,164.3 1 0
github.com/Meesho/BharatMLStack/mnemo/controlplane/internal/etcdstate/client.go:165.2,165.12 1 0
github.com/Meesho/BharatMLStack/mnemo/controlplane/internal/etcdstate/client.go:168.127,170.28 2 0
github.com/Meesho/BharatMLStack/mnemo/controlplane/internal/etcdstate/client.go:170.28,172.3 1 0
github.com/Meesho/BharatMLStack/mnemo/controlplane/internal/etcdstate/client.go:173.2,177.16 2 0
github.com/Meesho/BharatMLStack/mnemo/controlplane/internal/etcdstate/client.go:177.16,179.3 1 0
github.com/Meesho/BharatMLStack/mnemo/controlplane/internal/etcdstate/client.go:180.2,180.28 1 0
github.com/Meesho/BharatMLStack/mnemo/controlplane/internal/etcdstate/client.go:190.71,195.16 2 0
github.com/Meesho/BharatMLStack/mnemo/controlplane/internal/etcdstate/client.go:195.16,197.3 1 0
github.com/Meesho/BharatMLStack/mnemo/controlplane/internal/etcdstate/client.go:198.2,201.8 1 0
github.com/Meesho/BharatMLStack/mnemo/controlplane/internal/etcdstate/client.go:207.61,210.2 2 0
github.com/Meesho/BharatMLStack/mnemo/controlplane/internal/etcdstate/client.go:213.41,215.2 1 0
github.com/Meesho/BharatMLStack/mnemo/controlplane/internal/etcdstate/store.go:17.89,26.2 2 0
github.com/Meesho/BharatMLStack/mnemo/controlplane/internal/etcdstate/store.go:30.100,32.16 2 0
github.com/Meesho/BharatMLStack/mnemo/controlplane/internal/etcdstate/store.go:32.16,34.3 1 0
github.com/Meesho/BharatMLStack/mnemo/controlplane/internal/etcdstate/store.go:35.2,35.12 1 0
github.com/Meesho/BharatMLStack/mnemo/controlplane/internal/etcdstate/store.go:35.12,37.3 1 0
github.com/Meesho/BharatMLStack/mnemo/controlplane/internal/etcdstate/store.go:39.2,60.62 8 0
github.com/Meesho/BharatMLStack/mnemo/controlplane/internal/etcdstate/store.go:60.62,62.3 1 0
github.com/Meesho/BharatMLStack/mnemo/controlplane/internal/etcdstate/store.go:65.2,65.66 1 0
github.com/Meesho/BharatMLStack/mnemo/controlplane/internal/etcdstate/store.go:65.66,67.3 1 0
github.com/Meesho/BharatMLStack/mnemo/controlplane/internal/etcdstate/store.go:69.2,69.19 1 0
github.com/Meesho/BharatMLStack/mnemo/controlplane/internal/etcdstate/store.go:74.120,76.16 2 0
[...]
github.com/Meesho/BharatMLStack/mnemo/controlplane/internal/placement/placement.go:21.106,23.34 2 0
github.com/Meesho/BharatMLStack/mnemo/controlplane/internal/placement/placement.go:23.34,25.3 1 0
github.com/Meesho/BharatMLStack/mnemo/controlplane/internal/placement/placement.go:27.2,27.32 1 0
github.com/Meesho/BharatMLStack/mnemo/controlplane/internal/placement/placement.go:27.32,29.16 2 0
github.com/Meesho/BharatMLStack/mnemo/controlplane/internal/placement/placement.go:29.16,30.12 1 0
github.com/Meesho/BharatMLStack/mnemo/controlplane/internal/placement/placement.go:32.3,32.36 1 0
github.com/Meesho/BharatMLStack/mnemo/controlplane/internal/placement/placement.go:32.36,33.12 1 0
github.com/Meesho/BharatMLStack/mnemo/controlplane/internal/placement/placement.go:35.3,35.40 1 0
github.com/Meesho/BharatMLStack/mnemo/controlplane/internal/placement/placement.go:35.40,36.21 1 0
github.com/Meesho/BharatMLStack/mnemo/controlplane/internal/placement/placement.go:36.21,38.18 2 0
github.com/Meesho/BharatMLStack/mnemo/controlplane/internal/placement/placement.go:38.18,40.6 1 0
github.com/Meesho/BharatMLStack/mnemo/controlplane/internal/placement/placement.go:41.5,42.10 2 0
github.com/Meesho/BharatMLStack/mnemo/controlplane/internal/placement/placement.go:46.2,46.19 1 0
github.com/Meesho/BharatMLStack/mnemo/controlplane/internal/placement/placement.go:56.42,59.13 3 0
github.com/Meesho/BharatMLStack/mnemo/controlplane/internal/placement/placement.go:59.13,61.3 1 0
github.com/Meesho/BharatMLStack/mnemo/controlplane/internal/placement/placement.go:62.2,63.16 2 0
github.com/Meesho/BharatMLStack/mnemo/controlplane/internal/placement/placement.go:63.16,65.3 1 0
github.com/Meesho/BharatMLStack/mnemo/controlplane/internal/placement/placement.go:66.2,67.13 2 0
github.com/Meesho/BharatMLStack/mnemo/controlplane/internal/placement/placement.go:67.13,69.3 1 0
github.com/Meesho/BharatMLStack/mnemo/controlplane/internal/placement/placement.go:70.2,70.19 1 0
github.com/Meesho/BharatMLStack/mnemo/controlplane/internal/reconciler/reconciler.go:57.65,59.2 1 0
github.com/Meesho/BharatMLStack/mnemo/controlplane/internal/reconciler/reconciler.go:62.47,67.6 4 0
github.com/Meesho/BharatMLStack/mnemo/controlplane/internal/reconciler/reconciler.go:67.6,68.10 1 0
github.com/Meesho/BharatMLStack/mnemo/controlplane/internal/reconciler/reconciler.go:69.21,71.10 2 0
github.com/Meesho/BharatMLStack/mnemo/controlplane/internal/reconciler/reconciler.go:72.14,73.24 1 0
github.com/Meesho/BharatMLStack/mnemo/controlplane/internal/reconciler/reconciler.go:81.57,83.16 2 0
github.com/Meesho/BharatMLStack/mnemo/controlplane/internal/reconciler/reconciler.go:83.16,86.3 2 0
github.com/Meesho/BharatMLStack/mnemo/controlplane/internal/reconciler/reconciler.go:88.2,88.29 1 0
github.com/Meesho/BharatMLStack/mnemo/controlplane/internal/reconciler/reconciler.go:88.29,90.3 1 0
github.com/Meesho/BharatMLStack/mnemo/controlplane/internal/reconciler/reconciler.go:93.82,97.48 3 0
github.com/Meesho/BharatMLStack/mnemo/controlplane/internal/reconciler/reconciler.go:97.48,99.3 1 0
github.com/Meesho/BharatMLStack/mnemo/controlplane/internal/reconciler/reconciler.go:101.2,102.16 2 0
github.com/Meesho/BharatMLStack/mnemo/controlplane/internal/reconciler/reconciler.go:102.16,105.3 2 0
github.com/Meesho/BharatMLStack/mnemo/controlplane/internal/reconciler/reconciler.go:107.2,108.16 2 0
github.com/Meesho/BharatMLStack/mnemo/controlplane/internal/reconciler/reconciler.go:108.16,111.3 2 0
github.com/Meesho/BharatMLStack/mnemo/controlplane/internal/reconciler/reconciler.go:113.2,114.21 2 0
github.com/Meesho/BharatMLStack/mnemo/controlplane/internal/reconciler/reconciler.go:114.21,116.17 2 0
github.com/Meesho/BharatMLStack/mnemo/controlplane/internal/reconciler/reconciler.go:116.17,119.4 2 0
github.com/Meesho/BharatMLStack/mnemo/controlplane/internal/reconciler/reconciler.go:121.3,122.85 2 0
github.com/Meesho/BharatMLStack/mnemo/controlplane/internal/reconciler/reconciler.go:122.85,128.4 1 0
github.com/Meesho/BharatMLStack/mnemo/controlplane/internal/reconciler/reconciler.go:128.9,128.106 1 0
github.com/Meesho/BharatMLStack/mnemo/controlplane/internal/reconciler/reconciler.go:128.106,129.39 1 0
github.com/Meesho/BharatMLStack/mnemo/controlplane/internal/reconciler/reconciler.go:129.39,131.5 1 0
github.com/Meesho/BharatMLStack/mnemo/controlplane/internal/reconciler/reconciler.go:131.10,133.5 1 0
github.com/Meesho/BharatMLStack/mnemo/controlplane/internal/reconciler/reconciler.go:134.4,134.10 1 0
github.com/Meesho/BharatMLStack/mnemo/controlplane/internal/reconciler/reconciler.go:135.9,139.4 2 0
github.com/Meesho/BharatMLStack/mnemo/controlplane/internal/reconciler/reconciler.go:144.2,144.54 1 0
github.com/Meesho/BharatMLStack/mnemo/controlplane/internal/reconciler/reconciler.go:149.50,150.25 1 0
github.com/Meesho/BharatMLStack/mnemo/controlplane/internal/reconciler/reconciler.go:150.25,152.3 1 0
github.com/Meesho/BharatMLStack/mnemo/controlplane/internal/reconciler/reconciler.go:153.2,153.20 1 0
github.com/Meesho/BharatMLStack/mnemo/controlplane/internal/reconciler/reconciler.go:153.20,155.3 1 0
github.com/Meesho/BharatMLStack/mnemo/controlplane/internal/reconciler/reconciler.go:156.2,156.10 1 0
github.com/Meesho/BharatMLStack/mnemo/controlplane/internal/reconciler/reconciler.go:160.151,161.41 1 0
github.com/Meesho/BharatMLStack/mnemo/controlplane/internal/reconciler/reconciler.go:161.41,163.3 1 0
github.com/Meesho/BharatMLStack/mnemo/controlplane/internal/reconciler/reconciler.go:164.2,164.93 1 0
github.com/Meesho/BharatMLStack/mnemo/controlplane/internal/reconciler/reconciler.go:164.93,165.80 1 0
github.com/Meesho/BharatMLStack/mnemo/controlplane/internal/reconciler/reconciler.go:165.80,168.12 2 0
github.com/Meesho/BharatMLStack/mnemo/controlplane/internal/reconciler/reconciler.go:170.3,171.75 1 0
github.com/Meesho/BharatMLStack/mnemo/controlplane/internal/reconciler/reconciler.go:178.85,180.34 2 0
github.com/Meesho/BharatMLStack/mnemo/controlplane/internal/reconciler/reconciler.go:180.34,181.54 1 0
github.com/Meesho/BharatMLStack/mnemo/controlplane/internal/reconciler/reconciler.go:181.54,182.12 1 0
github.com/Meesho/BharatMLStack/mnemo/controlplane/internal/reconciler/reconciler.go:184.3,184.20 1 0
github.com/Meesho/BharatMLStack/mnemo/controlplane/internal/reconciler/reconciler.go:184.20,185.12 1 0
github.com/Meesho/BharatMLStack/mnemo/controlplane/internal/reconciler/reconciler.go:187.3,187.17 1 0
github.com/Meesho/BharatMLStack/mnemo/controlplane/internal/reconciler/reconciler.go:187.17,189.4 1 0
github.com/Meesho/BharatMLStack/mnemo/controlplane/internal/reconciler/reconciler.go:191.2,191.13 1 0
github.com/Meesho/BharatMLStack/mnemo/controlplane/internal/reconciler/reconciler.go:202.107,204.28 2 0
github.com/Meesho/BharatMLStack/mnemo/controlplane/internal/reconciler/reconciler.go:204.28,206.3 1 0
github.com/Meesho/BharatMLStack/mnemo/controlplane/internal/reconciler/reconciler.go:207.2,211.26 4 0
github.com/Meesho/BharatMLStack/mnemo/controlplane/internal/reconciler/reconciler.go:211.26,212.19 1 0
github.com/Meesho/BharatMLStack/mnemo/controlplane/internal/reconciler/reconciler.go:212.19,214.12 2 0
github.com/Meesho/BharatMLStack/mnemo/controlplane/internal/reconciler/reconciler.go:216.3,216.26 1 0
github.com/Meesho/BharatMLStack/mnemo/controlplane/internal/reconciler/reconciler.go:216.26,219.4 2 0
github.com/Meesho/BharatMLStack/mnemo/controlplane/internal/reconciler/reconciler.go:222.2,223.26 2 0
github.com/Meesho/BharatMLStack/mnemo/controlplane/internal/reconciler/reconciler.go:223.26,224.16 1 0
github.com/Meesho/BharatMLStack/mnemo/controlplane/internal/reconciler/reconciler.go:224.16,225.12 1 0
github.com/Meesho/BharatMLStack/mnemo/controlplane/internal/reconciler/reconciler.go:227.3,227.36 1 0
github.com/Meesho/BharatMLStack/mnemo/controlplane/internal/reconciler/reconciler.go:227.36,228.12 1 0
github.com/Meesho/BharatMLStack/mnemo/controlplane/internal/reconciler/reconciler.go:230.3,230.71 1 0
github.com/Meesho/BharatMLStack/mnemo/controlplane/internal/reconciler/reconciler.go:230.71,231.12 1 0
github.com/Meesho/BharatMLStack/mnemo/controlplane/internal/reconciler/reconciler.go:233.3,233.31 1 0
github.com/Meesho/BharatMLStack/mnemo/controlplane/internal/reconciler/reconciler.go:235.2,235.15 1 0
github.com/Meesho/BharatMLStack/mnemo/controlplane/internal/reconciler/reconciler.go:239.79,241.34 2 0
github.com/Meesho/BharatMLStack/mnemo/controlplane/internal/reconciler/reconciler.go:241.34,243.32 2 0
github.com/Meesho/BharatMLStack/mnemo/controlplane/internal/reconciler/reconciler.go:243.32,245.4 1 0
github.com/Meesho/BharatMLStack/mnemo/controlplane/internal/reconciler/reconciler.go:247.2,247.16 1 0
github.com/Meesho/BharatMLStack/mnemo/controlplane/internal/server/server.go:23.60,31.2 6 0
github.com/Meesho/BharatMLStack/mnemo/controlplane/internal/server/server.go:34.41,36.2 1 0
github.com/Meesho/BharatMLStack/mnemo/controlplane/internal/server/server.go:40.49,46.12 2 0
github.com/Meesho/BharatMLStack/mnemo/controlplane/internal/server/server.go:46.12,51.3 4 0
github.com/Meesho/BharatMLStack/mnemo/controlplane/internal/server/server.go:53.2,53.86 1 0
github.com/Meesho/BharatMLStack/mnemo/controlplane/internal/server/server.go:53.86,55.3 1 0
github.com/Meesho/BharatMLStack/mnemo/controlplane/internal/server/server.go:56.2,56.12 1 0
github.com/Meesho/BharatMLStack/mnemo/controlplane/internal/server/server.go:59.55,78.54 13 0
github.com/Meesho/BharatMLStack/mnemo/controlplane/internal/server/server.go:78.54,80.3 1 0
github.com/Meesho/BharatMLStack/mnemo/controlplane/internal/server/server.go:83.2,83.40 1 0
github.com/Meesho/BharatMLStack/mnemo/controlplane/internal/server/handlers/client_config.go:14.52,19.47 4 0
github.com/Meesho/BharatMLStack/mnemo/controlplane/internal/server/handlers/client_config.go:19.47,22.3 2 0
github.com/Meesho/BharatMLStack/mnemo/controlplane/internal/server/handlers/client_config.go:24.2,24.89 1 0
github.com/Meesho/BharatMLStack/mnemo/controlplane/internal/server/handlers/client_config.go:24.89,25.44 1 0
github.com/Meesho/BharatMLStack/mnemo/controlplane/internal/server/handlers/client_config.go:25.44,28.4 2 0
github.com/Meesho/BharatMLStack/mnemo/controlplane/internal/server/handlers/client_config.go:29.3,30.9 2 0
github.com/Meesho/BharatMLStack/mnemo/controlplane/internal/server/handlers/client_config.go:33.2,37.4 1 0
github.com/Meesho/BharatMLStack/mnemo/controlplane/internal/server/handlers/client_config.go:41.52,46.16 4 0
github.com/Meesho/BharatMLStack/mnemo/controlplane/internal/server/handlers/client_config.go:46.16,47.44 1 0
github.com/Meesho/BharatMLStack/mnemo/controlplane/internal/server/handlers/client_config.go:47.44,50.4 2 0
github.com/Meesho/BharatMLStack/mnemo/controlplane/internal/server/handlers/client_config.go:51.3,52.9 2 0
github.com/Meesho/BharatMLStack/mnemo/controlplane/internal/server/handlers/client_config.go:55.2,55.28 1 0
github.com/Meesho/BharatMLStack/mnemo/controlplane/internal/server/handlers/dataflow.go:14.48,19.47 4 0
github.com/Meesho/BharatMLStack/mnemo/controlplane/internal/server/handlers/dataflow.go:19.47,22.3 2 0
github.com/Meesho/BharatMLStack/mnemo/controlplane/internal/server/handlers/dataflow.go:24.2,24.85 1 0
github.com/Meesho/BharatMLStack/mnemo/controlplane/internal/server/handlers/dataflow.go:24.85,25.44 1 0
github.com/Meesho/BharatMLStack/mnemo/controlplane/internal/server/handlers/dataflow.go:25.44,28.4 2 0
github.com/Meesho/BharatMLStack/mnemo/controlplane/internal/server/handlers/dataflow.go:29.3,30.9 2 0
github.com/Meesho/BharatMLStack/mnemo/controlplane/internal/server/handlers/dataflow.go:33.2,37.4 1 0
github.com/Meesho/BharatMLStack/mnemo/controlplane/internal/server/handlers/dataflow.go:41.48,46.16 4 0
github.com/Meesho/BharatMLStack/mnemo/controlplane/internal/server/handlers/dataflow.go:46.16,47.44 1 0
github.com/Meesho/BharatMLStack/mnemo/controlplane/internal/server/handlers/dataflow.go:47.44,50.4 2 0
github.com/Meesho/BharatMLStack/mnemo/controlplane/internal/server/handlers/dataflow.go:51.3,52.9 2 0
github.com/Meesho/BharatMLStack/mnemo/controlplane/internal/server/handlers/dataflow.go:55.2,55.28 1 0
github.com/Meesho/BharatMLStack/mnemo/controlplane/internal/server/handlers/handlers.go:14.49,16.2 1 0
github.com/Meesho/BharatMLStack/mnemo/controlplane/internal/server/handlers/health.go:18.42,21.44 3 0
github.com/Meesho/BharatMLStack/mnemo/controlplane/internal/server/handlers/health.go:21.44,24.3 2 0
github.com/Meesho/BharatMLStack/mnemo/controlplane/internal/server/handlers/health.go:25.2,25.49 1 0
github.com/Meesho/BharatMLStack/mnemo/controlplane/internal/server/handlers/store.go:31.49,35.47 3 0
github.com/Meesho/BharatMLStack/mnemo/controlplane/internal/server/handlers/store.go:35.47,38.3 2 0
github.com/Meesho/BharatMLStack/mnemo/controlplane/internal/server/handlers/store.go:40.2,47.70 2 0
github.com/Meesho/BharatMLStack/mnemo/controlplane/internal/server/handlers/store.go:47.70,48.49 1 0
github.com/Meesho/BharatMLStack/mnemo/controlplane/internal/server/handlers/store.go:48.49,51.4 2 0
github.com/Meesho/BharatMLStack/mnemo/controlplane/internal/server/handlers/store.go:52.3,53.9 2 0
github.com/Meesho/BharatMLStack/mnemo/controlplane/internal/server/handlers/store.go:56.2,63.4 2 0
github.com/Meesho/BharatMLStack/mnemo/controlplane/internal/server/handlers/store.go:67.45,72.16 4 0
github.com/Meesho/BharatMLStack/mnemo/controlplane/internal/server/handlers/store.go:72.16,73.44 1 0
github.com/Meesho/BharatMLStack/mnemo/controlplane/internal/server/handlers/store.go:73.44,76.4 2 0
github.com/Meesho/BharatMLStack/mnemo/controlplane/internal/server/handlers/store.go:77.3,78.9 2 0
github.com/Meesho/BharatMLStack/mnemo/controlplane/internal/server/handlers/store.go:81.2,81.30 1 0
github.com/Meesho/BharatMLStack/mnemo/controlplane/internal/server/handlers/topology.go:13.48,18.16 4 0
github.com/Meesho/BharatMLStack/mnemo/controlplane/internal/server/handlers/topology.go:18.16,19.44 1 0
github.com/Meesho/BharatMLStack/mnemo/controlplane/internal/server/handlers/topology.go:19.44,22.4 2 0
github.com/Meesho/BharatMLStack/mnemo/controlplane/internal/server/handlers/topology.go:23.3,24.9 2 0
github.com/Meesho/BharatMLStack/mnemo/controlplane/internal/server/handlers/topology.go:27.2,27.29 1 0
github.com/Meesho/BharatMLStack/mnemo/controlplane/internal/server/handlers/version.go:24.51,30.47 5 0
github.com/Meesho/BharatMLStack/mnemo/controlplane/internal/server/handlers/version.go:30.47,33.3 2 0
github.com/Meesho/BharatMLStack/mnemo/controlplane/internal/server/handlers/version.go:35.2,36.16 2 0
github.com/Meesho/BharatMLStack/mnemo/controlplane/internal/server/handlers/version.go:36.16,37.44 1 0
github.com/Meesho/BharatMLStack/mnemo/controlplane/internal/server/handlers/version.go:37.44,40.4 2 0
github.com/Meesho/BharatMLStack/mnemo/controlplane/internal/server/handlers/version.go:41.3,42.9 2 0
github.com/Meesho/BharatMLStack/mnemo/controlplane/internal/server/handlers/version.go:45.2,52.94 2 0
github.com/Meesho/BharatMLStack/mnemo/controlplane/internal/server/handlers/version.go:52.94,53.49 1 0
github.com/Meesho/BharatMLStack/mnemo/controlplane/internal/server/handlers/version.go:53.49,56.4 2 0
github.com/Meesho/BharatMLStack/mnemo/controlplane/internal/server/handlers/version.go:57.3,58.9 2 0
github.com/Meesho/BharatMLStack/mnemo/controlplane/internal/server/handlers/version.go:61.2,66.4 1 0
github.com/Meesho/BharatMLStack/mnemo/controlplane/internal/server/handlers/version.go:70.51,77.16 6 0
github.com/Meesho/BharatMLStack/mnemo/controlplane/internal/server/handlers/version.go:77.16,78.44 1 0
github.com/Meesho/BharatMLStack/mnemo/controlplane/internal/server/handlers/version.go:78.44,81.4 2 0
github.com/Meesho/BharatMLStack/mnemo/controlplane/internal/server/handlers/version.go:82.3,83.9 2 0
github.com/Meesho/BharatMLStack/mnemo/controlplane/internal/server/handlers/version.go:86.2,87.16 2 0
github.com/Meesho/BharatMLStack/mnemo/controlplane/internal/server/handlers/version.go:87.16,90.3 2 0
github.com/Meesho/BharatMLStack/mnemo/controlplane/internal/server/handlers/version.go:92.2,95.52 3 0
github.com/Meesho/BharatMLStack/mnemo/controlplane/internal/server/handlers/version.go:95.52,97.32 2 0
github.com/Meesho/BharatMLStack/mnemo/controlplane/internal/server/handlers/version.go:97.32,99.4 1 0
github.com/Meesho/BharatMLStack/mnemo/controlplane/internal/server/handlers/version.go:101.2,103.22 2 0
github.com/Meesho/BharatMLStack/mnemo/controlplane/internal/server/handlers/version.go:103.22,109.3 2 0
github.com/Meesho/BharatMLStack/mnemo/controlplane/internal/server/handlers/version.go:111.2,111.84 1 0
github.com/Meesho/BharatMLStack/mnemo/controlplane/internal/server/handlers/version.go:111.84,112.47 1 0
github.com/Meesho/BharatMLStack/mnemo/controlplane/internal/server/handlers/version.go:112.47,115.4 2 0
github.com/Meesho/BharatMLStack/mnemo/controlplane/internal/server/handlers/version.go:116.3,116.44 1 0
github.com/Meesho/BharatMLStack/mnemo/controlplane/internal/server/handlers/version.go:116.44,119.4 2 0
github.com/Meesho/BharatMLStack/mnemo/controlplane/internal/server/handlers/version.go:120.3,121.9 2 0
github.com/Meesho/BharatMLStack/mnemo/controlplane/internal/server/handlers/version.go:124.2,129.4 1 0
github.com/Meesho/BharatMLStack/mnemo/controlplane/internal/server/handlers/version.go:133.45,138.16 4 0
github.com/Meesho/BharatMLStack/mnemo/controlplane/internal/server/handlers/version.go:138.16,139.46 1 0
github.com/Meesho/BharatMLStack/mnemo/controlplane/internal/server/handlers/version.go:139.46,142.4 2 0
github.com/Meesho/BharatMLStack/mnemo/controlplane/internal/server/handlers/version.go:143.3,143.47 1 0
github.com/Meesho/BharatMLStack/mnemo/controlplane/internal/server/handlers/version.go:143.47,146.4 2 0
github.com/Meesho/BharatMLStack/mnemo/controlplane/internal/server/handlers/version.go:147.3,148.9 2 0
github.com/Meesho/BharatMLStack/mnemo/controlplane/internal/server/handlers/version.go:151.2,155.4 1 0
github.com/Meesho/BharatMLStack/mnemo/controlplane/internal/server/handlers/version.go:159.50,164.87 4 0
github.com/Meesho/BharatMLStack/mnemo/controlplane/internal/server/handlers/version.go:164.87,165.44 1 0
github.com/Meesho/BharatMLStack/mnemo/controlplane/internal/server/handlers/version.go:165.44,168.4 2 0
github.com/Meesho/BharatMLStack/mnemo/controlplane/internal/server/handlers/version.go:169.3,170.9 2 0
github.com/Meesho/BharatMLStack/mnemo/controlplane/internal/server/handlers/version.go:173.2,178.4 1 0
github.com/Meesho/BharatMLStack/mnemo/controlplane/internal/sizing/sizing.go:41.34,48.25 5 7
github.com/Meesho/BharatMLStack/mnemo/controlplane/internal/sizing/sizing.go:48.25,50.3 1 6
github.com/Meesho/BharatMLStack/mnemo/controlplane/internal/sizing/sizing.go:52.2,53.38 2 7
github.com/Meesho/BharatMLStack/mnemo/controlplane/internal/sizing/sizing.go:53.38,55.3 1 5
github.com/Meesho/BharatMLStack/mnemo/controlplane/internal/sizing/sizing.go:57.2,64.3 1 7
github.com/Meesho/BharatMLStack/mnemo/controlplane/model/keys.go:32.47,34.2 1 0
github.com/Meesho/BharatMLStack/mnemo/controlplane/model/keys.go:37.49,39.2 1 0
github.com/Meesho/BharatMLStack/mnemo/controlplane/model/keys.go:42.50,44.2 1 0
github.com/Meesho/BharatMLStack/mnemo/controlplane/model/keys.go:47.53,49.2 1 0
github.com/Meesho/BharatMLStack/mnemo/controlplane/model/keys.go:52.55,54.2 1 0
github.com/Meesho/BharatMLStack/mnemo/controlplane/model/keys.go:57.55,59.2 1 0
github.com/Meesho/BharatMLStack/mnemo/controlplane/model/keys.go:66.60,68.2 1 0
github.com/Meesho/BharatMLStack/mnemo/controlplane/model/keys.go:71.55,73.2 1 0
github.com/Meesho/BharatMLStack/mnemo/controlplane/model/keys.go:80.48,82.2 1 0
github.com/Meesho/BharatMLStack/mnemo/controlplane/model/keys.go:89.52,91.2 1 0
github.com/Meesho/BharatMLStack/mnemo/controlplane/model/keys.go:98.54,100.2 1 0
github.com/Meesho/BharatMLStack/mnemo/controlplane/model/keys.go:103.50,105.2 1 0
