Start testing: Mar 02 23:23 IST
----------------------------------------------------------
1/17 Testing: log_test
1/17 Test: log_test
Command: "/Users/anshagrawal/Meesho/testwal/mwal/build/test/log_test"
Directory: /Users/anshagrawal/Meesho/testwal/mwal/build/test
"log_test" start time: Mar 02 23:23 IST
Output:
----------------------------------------------------------
Running main() from /Users/anshagrawal/Meesho/testwal/mwal/build/_deps/googletest-src/googletest/src/gtest_main.cc
[==========] Running 9 tests from 1 test suite.
[----------] Global test environment set-up.
[----------] 9 tests from LogTest
[ RUN      ] LogTest.EmptyRecord
[       OK ] LogTest.EmptyRecord (0 ms)
[ RUN      ] LogTest.SmallRecord
[       OK ] LogTest.SmallRecord (0 ms)
[ RUN      ] LogTest.MultipleRecords
[       OK ] LogTest.MultipleRecords (0 ms)
[ RUN      ] LogTest.LargeRecord
[       OK ] LogTest.LargeRecord (1 ms)
[ RUN      ] LogTest.ExactBlockSize
[       OK ] LogTest.ExactBlockSize (0 ms)
[ RUN      ] LogTest.RandomRecords
[       OK ] LogTest.RandomRecords (49 ms)
[ RUN      ] LogTest.RecyclableRecord
[       OK ] LogTest.RecyclableRecord (0 ms)
[ RUN      ] LogTest.ChecksumMismatch
[       OK ] LogTest.ChecksumMismatch (0 ms)
[ RUN      ] LogTest.MarginalTrailer
[       OK ] LogTest.MarginalTrailer (0 ms)
[----------] 9 tests from LogTest (55 ms total)

[----------] Global test environment tear-down
[==========] 9 tests from 1 test suite ran. (55 ms total)
[  PASSED  ] 9 tests.
<end of output>
Test time =   1.37 sec
----------------------------------------------------------
Test Passed.
"log_test" end time: Mar 02 23:23 IST
"log_test" time elapsed: 00:00:01
----------------------------------------------------------

2/17 Testing: wal_edit_test
2/17 Test: wal_edit_test
Command: "/Users/anshagrawal/Meesho/testwal/mwal/build/test/wal_edit_test"
Directory: /Users/anshagrawal/Meesho/testwal/mwal/build/test
"wal_edit_test" start time: Mar 02 23:23 IST
Output:
----------------------------------------------------------
Running main() from /Users/anshagrawal/Meesho/testwal/mwal/build/_deps/googletest-src/googletest/src/gtest_main.cc
[==========] Running 5 tests from 1 test suite.
[----------] Global test environment set-up.
[----------] 5 tests from WalEditTest
[ RUN      ] WalEditTest.AdditionRoundtrip
[       OK ] WalEditTest.AdditionRoundtrip (0 ms)
[ RUN      ] WalEditTest.DeletionRoundtrip
[       OK ] WalEditTest.DeletionRoundtrip (0 ms)
[ RUN      ] WalEditTest.WalSetAddAndDelete
[       OK ] WalEditTest.WalSetAddAndDelete (0 ms)
[ RUN      ] WalEditTest.WalSetEmpty
[       OK ] WalEditTest.WalSetEmpty (0 ms)
[ RUN      ] WalEditTest.DebugString
[       OK ] WalEditTest.DebugString (0 ms)
[----------] 5 tests from WalEditTest (0 ms total)

[----------] Global test environment tear-down
[==========] 5 tests from 1 test suite ran. (0 ms total)
[  PASSED  ] 5 tests.
<end of output>
Test time =   0.52 sec
----------------------------------------------------------
Test Passed.
"wal_edit_test" end time: Mar 02 23:23 IST
"wal_edit_test" time elapsed: 00:00:00
----------------------------------------------------------

3/17 Testing: write_batch_test
3/17 Test: write_batch_test
Command: "/Users/anshagrawal/Meesho/testwal/mwal/build/test/write_batch_test"
Directory: /Users/anshagrawal/Meesho/testwal/mwal/build/test
"write_batch_test" start time: Mar 02 23:23 IST
Output:
----------------------------------------------------------
Running main() from /Users/anshagrawal/Meesho/testwal/mwal/build/_deps/googletest-src/googletest/src/gtest_main.cc
[==========] Running 10 tests from 1 test suite.
[----------] Global test environment set-up.
[----------] 10 tests from WriteBatchTest
[ RUN      ] WriteBatchTest.Empty
[       OK ] WriteBatchTest.Empty (0 ms)
[ RUN      ] WriteBatchTest.SinglePut
[       OK ] WriteBatchTest.SinglePut (0 ms)
[ RUN      ] WriteBatchTest.SingleDelete
[       OK ] WriteBatchTest.SingleDelete (0 ms)
[ RUN      ] WriteBatchTest.MultipleOps
[       OK ] WriteBatchTest.MultipleOps (0 ms)
[ RUN      ] WriteBatchTest.SequenceNumber
[       OK ] WriteBatchTest.SequenceNumber (0 ms)
[ RUN      ] WriteBatchTest.PutLogData
[       OK ] WriteBatchTest.PutLogData (0 ms)
[ RUN      ] WriteBatchTest.Clear
[       OK ] WriteBatchTest.Clear (0 ms)
[ RUN      ] WriteBatchTest.LargeBatch
[       OK ] WriteBatchTest.LargeBatch (2 ms)
[ RUN      ] WriteBatchTest.Append
[       OK ] WriteBatchTest.Append (0 ms)
[ RUN      ] WriteBatchTest.SetContents
[       OK ] WriteBatchTest.SetContents (0 ms)
[----------] 10 tests from WriteBatchTest (2 ms total)

[----------] Global test environment tear-down
[==========] 10 tests from 1 test suite ran. (2 ms total)
[  PASSED  ] 10 tests.
<end of output>
Test time =   0.55 sec
----------------------------------------------------------
Test Passed.
"write_batch_test" end time: Mar 02 23:23 IST
"write_batch_test" time elapsed: 00:00:00
----------------------------------------------------------

4/17 Testing: wal_manager_test
4/17 Test: wal_manager_test
Command: "/Users/anshagrawal/Meesho/testwal/mwal/build/test/wal_manager_test"
Directory: /Users/anshagrawal/Meesho/testwal/mwal/build/test
"wal_manager_test" start time: Mar 02 23:23 IST
Output:
----------------------------------------------------------
Running main() from /Users/anshagrawal/Meesho/testwal/mwal/build/_deps/googletest-src/googletest/src/gtest_main.cc
[==========] Running 12 tests from 1 test suite.
[----------] Global test environment set-up.
[----------] 12 tests from WalManagerTest
[ RUN      ] WalManagerTest.GetSortedWalFiles
[       OK ] WalManagerTest.GetSortedWalFiles (2 ms)
[ RUN      ] WalManagerTest.PurgeObsolete
[       OK ] WalManagerTest.PurgeObsolete (2 ms)
[ RUN      ] WalManagerTest.EmptyDir
[       OK ] WalManagerTest.EmptyDir (0 ms)
[ RUN      ] WalManagerTest.ZeroByteFile
[       OK ] WalManagerTest.ZeroByteFile (0 ms)
[ RUN      ] WalManagerTest.DeleteWalFile
[       OK ] WalManagerTest.DeleteWalFile (0 ms)
[ RUN      ] WalManagerTest.PurgeSizeLimit
[       OK ] WalManagerTest.PurgeSizeLimit (1 ms)
[ RUN      ] WalManagerTest.PurgeRespectsMinLog
[       OK ] WalManagerTest.PurgeRespectsMinLog (1 ms)
[ RUN      ] WalManagerTest.TC_WALMGR_01_NonLogFilesIgnored
[       OK ] WalManagerTest.TC_WALMGR_01_NonLogFilesIgnored (1 ms)
[ RUN      ] WalManagerTest.TC_WALMGR_02_LogNumberGapsSortedCorrectly
[       OK ] WalManagerTest.TC_WALMGR_02_LogNumberGapsSortedCorrectly (1 ms)
[ RUN      ] WalManagerTest.TC_WALMGR_03_PurgeDoesNotDeleteActiveLog
[       OK ] WalManagerTest.TC_WALMGR_03_PurgeDoesNotDeleteActiveLog (2 ms)
[ RUN      ] WalManagerTest.TC_WALMGR_04_TTLAndSizeLimitBothApply
[       OK ] WalManagerTest.TC_WALMGR_04_TTLAndSizeLimitBothApply (1 ms)
[ RUN      ] WalManagerTest.TC_WALMGR_05_LargeNumberOfFiles
[       OK ] WalManagerTest.TC_WALMGR_05_LargeNumberOfFiles (954 ms)
[----------] 12 tests from WalManagerTest (971 ms total)

[----------] Global test environment tear-down
[==========] 12 tests from 1 test suite ran. (971 ms total)
[  PASSED  ] 12 tests.
<end of output>
Test time =   1.51 sec
----------------------------------------------------------
Test Passed.
"wal_manager_test" end time: Mar 02 23:23 IST
"wal_manager_test" time elapsed: 00:00:01
----------------------------------------------------------

5/17 Testing: write_thread_test
5/17 Test: write_thread_test
Command: "/Users/anshagrawal/Meesho/testwal/mwal/build/test/write_thread_test"
Directory: /Users/anshagrawal/Meesho/testwal/mwal/build/test
"write_thread_test" start time: Mar 02 23:23 IST
Output:
----------------------------------------------------------
Running main() from /Users/anshagrawal/Meesho/testwal/mwal/build/_deps/googletest-src/googletest/src/gtest_main.cc
[==========] Running 5 tests from 1 test suite.
[----------] Global test environment set-up.
[----------] 5 tests from WriteThreadTest
[ RUN      ] WriteThreadTest.SingleWriter
[       OK ] WriteThreadTest.SingleWriter (0 ms)
[ RUN      ] WriteThreadTest.TwoWriters
[       OK ] WriteThreadTest.TwoWriters (30 ms)
[ RUN      ] WriteThreadTest.ManyWriters
[       OK ] WriteThreadTest.ManyWriters (0 ms)
[ RUN      ] WriteThreadTest.LeaderSyncCoalescing
[       OK ] WriteThreadTest.LeaderSyncCoalescing (0 ms)
[ RUN      ] WriteThreadTest.ErrorPropagation
[       OK ] WriteThreadTest.ErrorPropagation (52 ms)
[----------] 5 tests from WriteThreadTest (83 ms total)

[----------] Global test environment tear-down
[==========] 5 tests from 1 test suite ran. (83 ms total)
[  PASSED  ] 5 tests.
<end of output>
Test time =   0.61 sec
----------------------------------------------------------
Test Passed.
"write_thread_test" end time: Mar 02 23:23 IST
"write_thread_test" time elapsed: 00:00:00
----------------------------------------------------------

6/17 Testing: wal_compressor_test
6/17 Test: wal_compressor_test
Command: "/Users/anshagrawal/Meesho/testwal/mwal/build/test/wal_compressor_test"
Directory: /Users/anshagrawal/Meesho/testwal/mwal/build/test
"wal_compressor_test" start time: Mar 02 23:23 IST
Output:
----------------------------------------------------------
Running main() from /Users/anshagrawal/Meesho/testwal/mwal/build/_deps/googletest-src/googletest/src/gtest_main.cc
[==========] Running 10 tests from 1 test suite.
[----------] Global test environment set-up.
[----------] 10 tests from WalCompressorTest
[ RUN      ] WalCompressorTest.RoundtripUncompressed
[       OK ] WalCompressorTest.RoundtripUncompressed (0 ms)
[ RUN      ] WalCompressorTest.RoundtripEmpty
[       OK ] WalCompressorTest.RoundtripEmpty (0 ms)
[ RUN      ] WalCompressorTest.DecompressEmpty
[       OK ] WalCompressorTest.DecompressEmpty (0 ms)
[ RUN      ] WalCompressorTest.LegacyUncompressedPassthrough
[       OK ] WalCompressorTest.LegacyUncompressedPassthrough (0 ms)
[ RUN      ] WalCompressorTest.ZstdRoundtripSmall
[       OK ] WalCompressorTest.ZstdRoundtripSmall (1 ms)
[ RUN      ] WalCompressorTest.ZstdRoundtripLarge
[       OK ] WalCompressorTest.ZstdRoundtripLarge (1 ms)
[ RUN      ] WalCompressorTest.ZstdCompressionRatio
[       OK ] WalCompressorTest.ZstdCompressionRatio (0 ms)
[ RUN      ] WalCompressorTest.ZstdCorruptedInput
[       OK ] WalCompressorTest.ZstdCorruptedInput (0 ms)
[ RUN      ] WalCompressorTest.IsCompressed
[       OK ] WalCompressorTest.IsCompressed (0 ms)
[ RUN      ] WalCompressorTest.UnsupportedType
[       OK ] WalCompressorTest.UnsupportedType (0 ms)
[----------] 10 tests from WalCompressorTest (3 ms total)

[----------] Global test environment tear-down
[==========] 10 tests from 1 test suite ran. (3 ms total)
[  PASSED  ] 10 tests.
<end of output>
Test time =   0.53 sec
----------------------------------------------------------
Test Passed.
"wal_compressor_test" end time: Mar 02 23:23 IST
"wal_compressor_test" time elapsed: 00:00:00
----------------------------------------------------------

7/17 Testing: db_wal_test
7/17 Test: db_wal_test
Command: "/Users/anshagrawal/Meesho/testwal/mwal/build/test/db_wal_test"
Directory: /Users/anshagrawal/Meesho/testwal/mwal/build/test
"db_wal_test" start time: Mar 02 23:23 IST
Output:
----------------------------------------------------------
Running main() from /Users/anshagrawal/Meesho/testwal/mwal/build/_deps/googletest-src/googletest/src/gtest_main.cc
[==========] Running 28 tests from 1 test suite.
[----------] Global test environment set-up.
[----------] 28 tests from DBWalTest
[ RUN      ] DBWalTest.OpenClose
[       OK ] DBWalTest.OpenClose (2 ms)
[ RUN      ] DBWalTest.SingleWrite
[       OK ] DBWalTest.SingleWrite (3 ms)
[ RUN      ] DBWalTest.MultipleWrites
[       OK ] DBWalTest.MultipleWrites (4 ms)
[ RUN      ] DBWalTest.SequenceNumberMonotonicity
[       OK ] DBWalTest.SequenceNumberMonotonicity (1 ms)
[ RUN      ] DBWalTest.DisableWAL
[       OK ] DBWalTest.DisableWAL (5 ms)
[ RUN      ] DBWalTest.LogRotation
[       OK ] DBWalTest.LogRotation (11 ms)
[ RUN      ] DBWalTest.RecoverEmpty
[       OK ] DBWalTest.RecoverEmpty (2 ms)
[ RUN      ] DBWalTest.ConcurrentWrites
[       OK ] DBWalTest.ConcurrentWrites (3 ms)
[ RUN      ] DBWalTest.WriteAfterRecovery
[       OK ] DBWalTest.WriteAfterRecovery (2 ms)
[ RUN      ] DBWalTest.LargeBatch
[       OK ] DBWalTest.LargeBatch (3 ms)
[ RUN      ] DBWalTest.FlushWAL
[       OK ] DBWalTest.FlushWAL (8 ms)
[ RUN      ] DBWalTest.SyncWrite
[       OK ] DBWalTest.SyncWrite (7 ms)
[ RUN      ] DBWalTest.NullBatchReturnsError
[       OK ] DBWalTest.NullBatchReturnsError (1 ms)
[ RUN      ] DBWalTest.WriteAfterClose
[       OK ] DBWalTest.WriteAfterClose (1 ms)
[ RUN      ] DBWalTest.CompressionRoundtrip
[       OK ] DBWalTest.CompressionRoundtrip (2 ms)
[ RUN      ] DBWalTest.CloseRaceWithWriters
[       OK ] DBWalTest.CloseRaceWithWriters (7 ms)
[ RUN      ] DBWalTest.SetMinLogToKeep
[       OK ] DBWalTest.SetMinLogToKeep (4 ms)
[ RUN      ] DBWalTest.DirectoryLock
[       OK ] DBWalTest.DirectoryLock (1 ms)
[ RUN      ] DBWalTest.PurgeObsoleteExposed
[       OK ] DBWalTest.PurgeObsoleteExposed (2 ms)
[ RUN      ] DBWalTest.GetLiveWalFiles
[       OK ] DBWalTest.GetLiveWalFiles (1 ms)
[ RUN      ] DBWalTest.WalIteratorBasic
[       OK ] DBWalTest.WalIteratorBasic (2 ms)
[ RUN      ] DBWalTest.WalIteratorFromMiddle
[       OK ] DBWalTest.WalIteratorFromMiddle (1 ms)
[ RUN      ] DBWalTest.AutoRecoveryOnOpen
[       OK ] DBWalTest.AutoRecoveryOnOpen (1 ms)
[ RUN      ] DBWalTest.MergedGroupCommit
[       OK ] DBWalTest.MergedGroupCommit (2 ms)
[ RUN      ] DBWalTest.BackgroundPurge
[       OK ] DBWalTest.BackgroundPurge (2005 ms)
[ RUN      ] DBWalTest.WriteStallOnGroupSize
[       OK ] DBWalTest.WriteStallOnGroupSize (3 ms)
[ RUN      ] DBWalTest.WriteStallOnTotalSize
[       OK ] DBWalTest.WriteStallOnTotalSize (2 ms)
[ RUN      ] DBWalTest.TTLPurgeWorks
[       OK ] DBWalTest.TTLPurgeWorks (2008 ms)
[----------] 28 tests from DBWalTest (4108 ms total)

[----------] Global test environment tear-down
[==========] 28 tests from 1 test suite ran. (4108 ms total)
[  PASSED  ] 28 tests.
<end of output>
Test time =   4.67 sec
----------------------------------------------------------
Test Passed.
"db_wal_test" end time: Mar 02 23:23 IST
"db_wal_test" time elapsed: 00:00:04
----------------------------------------------------------

8/17 Testing: crash_recovery_test
8/17 Test: crash_recovery_test
Command: "/Users/anshagrawal/Meesho/testwal/mwal/build/test/crash_recovery_test"
Directory: /Users/anshagrawal/Meesho/testwal/mwal/build/test
"crash_recovery_test" start time: Mar 02 23:23 IST
Output:
----------------------------------------------------------
Running main() from /Users/anshagrawal/Meesho/testwal/mwal/build/_deps/googletest-src/googletest/src/gtest_main.cc
[==========] Running 18 tests from 1 test suite.
[----------] Global test environment set-up.
[----------] 18 tests from CrashRecoveryTest
[ RUN      ] CrashRecoveryTest.CleanShutdown
[       OK ] CrashRecoveryTest.CleanShutdown (7 ms)
[ RUN      ] CrashRecoveryTest.TruncateLastBytes
[       OK ] CrashRecoveryTest.TruncateLastBytes (6 ms)
[ RUN      ] CrashRecoveryTest.TruncateMidHeader
[       OK ] CrashRecoveryTest.TruncateMidHeader (5 ms)
[ RUN      ] CrashRecoveryTest.TruncateMidPayload
[       OK ] CrashRecoveryTest.TruncateMidPayload (4 ms)
[ RUN      ] CrashRecoveryTest.TruncateBetweenFirstAndLast
[       OK ] CrashRecoveryTest.TruncateBetweenFirstAndLast (4 ms)
[ RUN      ] CrashRecoveryTest.TruncateAtRecordBoundary
[       OK ] CrashRecoveryTest.TruncateAtRecordBoundary (4 ms)
[ RUN      ] CrashRecoveryTest.TruncateZeroBytes
[       OK ] CrashRecoveryTest.TruncateZeroBytes (3 ms)
[ RUN      ] CrashRecoveryTest.MidRotationNewFileZeroBytes
[       OK ] CrashRecoveryTest.MidRotationNewFileZeroBytes (4 ms)
[ RUN      ] CrashRecoveryTest.MidRotationNewFilePartialFirstRecord
[       OK ] CrashRecoveryTest.MidRotationNewFilePartialFirstRecord (3 ms)
[ RUN      ] CrashRecoveryTest.RecoveryModeMatrix_FourModesTailCorruption
[       OK ] CrashRecoveryTest.RecoveryModeMatrix_FourModesTailCorruption (3 ms)
[ RUN      ] CrashRecoveryTest.RecoveryModeMatrix_ChecksumCorruptMidFile
[       OK ] CrashRecoveryTest.RecoveryModeMatrix_ChecksumCorruptMidFile (1 ms)
[ RUN      ] CrashRecoveryTest.RecoveryModeMatrix_MultiFileCorruptionInMiddle
[       OK ] CrashRecoveryTest.RecoveryModeMatrix_MultiFileCorruptionInMiddle (4 ms)
[ RUN      ] CrashRecoveryTest.RecoverPropagatesCallbackCorruptionAndStops
[       OK ] CrashRecoveryTest.RecoverPropagatesCallbackCorruptionAndStops (1 ms)
[ RUN      ] CrashRecoveryTest.RecoverFailsOnMalformedBatchIterate
[       OK ] CrashRecoveryTest.RecoverFailsOnMalformedBatchIterate (1 ms)
[ RUN      ] CrashRecoveryTest.RecoverStopsOnDecompressionFailureAllModes
[       OK ] CrashRecoveryTest.RecoverStopsOnDecompressionFailureAllModes (2 ms)
[ RUN      ] CrashRecoveryTest.RecoverAcrossThreeFilesMiddleCorrupt
[       OK ] CrashRecoveryTest.RecoverAcrossThreeFilesMiddleCorrupt (2 ms)
[ RUN      ] CrashRecoveryTest.RecoverHandlesDiscoveredEmptyLogFile
[       OK ] CrashRecoveryTest.RecoverHandlesDiscoveredEmptyLogFile (1 ms)
[ RUN      ] CrashRecoveryTest.DirectoryLock
[       OK ] CrashRecoveryTest.DirectoryLock (1 ms)
[----------] 18 tests from CrashRecoveryTest (64 ms total)

[----------] Global test environment tear-down
[==========] 18 tests from 1 test suite ran. (64 ms total)
[  PASSED  ] 18 tests.
<end of output>
Test time =   0.59 sec
----------------------------------------------------------
Test Passed.
"crash_recovery_test" end time: Mar 02 23:23 IST
"crash_recovery_test" time elapsed: 00:00:00
----------------------------------------------------------

9/17 Testing: wal_iterator_test
9/17 Test: wal_iterator_test
Command: "/Users/anshagrawal/Meesho/testwal/mwal/build/test/wal_iterator_test"
Directory: /Users/anshagrawal/Meesho/testwal/mwal/build/test
"wal_iterator_test" start time: Mar 02 23:23 IST
Output:
----------------------------------------------------------
Running main() from /Users/anshagrawal/Meesho/testwal/mwal/build/_deps/googletest-src/googletest/src/gtest_main.cc
[==========] Running 6 tests from 1 test suite.
[----------] Global test environment set-up.
[----------] 6 tests from WalIteratorTest
[ RUN      ] WalIteratorTest.IteratorCorruptionAbsoluteConsistency
[       OK ] WalIteratorTest.IteratorCorruptionAbsoluteConsistency (4 ms)
[ RUN      ] WalIteratorTest.IteratorCorruptionPointInTimeSkipsFile
[       OK ] WalIteratorTest.IteratorCorruptionPointInTimeSkipsFile (4 ms)
[ RUN      ] WalIteratorTest.IteratorStartSeqBeyondLast
[       OK ] WalIteratorTest.IteratorStartSeqBeyondLast (3 ms)
[ RUN      ] WalIteratorTest.IteratorSnapshotSemantics
[       OK ] WalIteratorTest.IteratorSnapshotSemantics (2 ms)
[ RUN      ] WalIteratorTest.IteratorDecompressionFails
[       OK ] WalIteratorTest.IteratorDecompressionFails (1 ms)
[ RUN      ] WalIteratorTest.IteratorMultiFileCorruptionInSecond
[       OK ] WalIteratorTest.IteratorMultiFileCorruptionInSecond (2 ms)
[----------] 6 tests from WalIteratorTest (18 ms total)

[----------] Global test environment tear-down
[==========] 6 tests from 1 test suite ran. (18 ms total)
[  PASSED  ] 6 tests.
<end of output>
Test time =   0.57 sec
----------------------------------------------------------
Test Passed.
"wal_iterator_test" end time: Mar 02 23:23 IST
"wal_iterator_test" time elapsed: 00:00:00
----------------------------------------------------------

10/17 Testing: concurrency_race_test
10/17 Test: concurrency_race_test
Command: "/Users/anshagrawal/Meesho/testwal/mwal/build/test/concurrency_race_test"
Directory: /Users/anshagrawal/Meesho/testwal/mwal/build/test
"concurrency_race_test" start time: Mar 02 23:23 IST
Output:
----------------------------------------------------------
Running main() from /Users/anshagrawal/Meesho/testwal/mwal/build/_deps/googletest-src/googletest/src/gtest_main.cc
[==========] Running 9 tests from 1 test suite.
[----------] Global test environment set-up.
[----------] 9 tests from ConcurrencyRaceTest
[ RUN      ] ConcurrencyRaceTest.CloseWithConcurrentWriters
[       OK ] ConcurrencyRaceTest.CloseWithConcurrentWriters (59 ms)
[ RUN      ] ConcurrencyRaceTest.WriteConcurrentWithPurge
[       OK ] ConcurrencyRaceTest.WriteConcurrentWithPurge (391 ms)
[ RUN      ] ConcurrencyRaceTest.IteratorSnapshotUnderConcurrentWrites
[       OK ] ConcurrencyRaceTest.IteratorSnapshotUnderConcurrentWrites (266 ms)
[ RUN      ] ConcurrencyRaceTest.RotateFileConcurrentWithGetLiveWalFiles
[       OK ] ConcurrencyRaceTest.RotateFileConcurrentWithGetLiveWalFiles (720 ms)
[ RUN      ] ConcurrencyRaceTest.MultiFileIteratorDuringRotation
[       OK ] ConcurrencyRaceTest.MultiFileIteratorDuringRotation (218 ms)
[ RUN      ] ConcurrencyRaceTest.CloseConcurrentWithMultipleOps
[       OK ] ConcurrencyRaceTest.CloseConcurrentWithMultipleOps (220 ms)
[ RUN      ] ConcurrencyRaceTest.SyncCoalescingConcurrentWriters
[       OK ] ConcurrencyRaceTest.SyncCoalescingConcurrentWriters (12 ms)
[ RUN      ] ConcurrencyRaceTest.LiveWalFilesConsistencyDuringRapidRotation
[       OK ] ConcurrencyRaceTest.LiveWalFilesConsistencyDuringRapidRotation (653 ms)
[ RUN      ] ConcurrencyRaceTest.LeaderSwitchingUnderContention
[       OK ] ConcurrencyRaceTest.LeaderSwitchingUnderContention (206 ms)
[----------] 9 tests from ConcurrencyRaceTest (2749 ms total)

[----------] Global test environment tear-down
[==========] 9 tests from 1 test suite ran. (2749 ms total)
[  PASSED  ] 9 tests.
<end of output>
Test time =   3.87 sec
----------------------------------------------------------
Test Passed.
"concurrency_race_test" end time: Mar 02 23:23 IST
"concurrency_race_test" time elapsed: 00:00:03
----------------------------------------------------------

11/17 Testing: sequence_number_test
11/17 Test: sequence_number_test
Command: "/Users/anshagrawal/Meesho/testwal/mwal/build/test/sequence_number_test"
Directory: /Users/anshagrawal/Meesho/testwal/mwal/build/test
"sequence_number_test" start time: Mar 02 23:23 IST
Output:
----------------------------------------------------------
Running main() from /Users/anshagrawal/Meesho/testwal/mwal/build/_deps/googletest-src/googletest/src/gtest_main.cc
[==========] Running 4 tests from 1 test suite.
[----------] Global test environment set-up.
[----------] 4 tests from SequenceNumberTest
[ RUN      ] SequenceNumberTest.SequenceContinuityAcrossLogRotation
[       OK ] SequenceNumberTest.SequenceContinuityAcrossLogRotation (16 ms)
[ RUN      ] SequenceNumberTest.SequenceContinuityAfterRecovery
[       OK ] SequenceNumberTest.SequenceContinuityAfterRecovery (1 ms)
[ RUN      ] SequenceNumberTest.ConcurrentWriteSequenceCorrectness
[       OK ] SequenceNumberTest.ConcurrentWriteSequenceCorrectness (24 ms)
[ RUN      ] SequenceNumberTest.DisableWALStillAdvancesSequence
[       OK ] SequenceNumberTest.DisableWALStillAdvancesSequence (1 ms)
[----------] 4 tests from SequenceNumberTest (45 ms total)

[----------] Global test environment tear-down
[==========] 4 tests from 1 test suite ran. (45 ms total)
[  PASSED  ] 4 tests.
<end of output>
Test time =   0.58 sec
----------------------------------------------------------
Test Passed.
"sequence_number_test" end time: Mar 02 23:23 IST
"sequence_number_test" time elapsed: 00:00:00
----------------------------------------------------------

12/17 Testing: bit_flip_corruption_test
12/17 Test: bit_flip_corruption_test
Command: "/Users/anshagrawal/Meesho/testwal/mwal/build/test/bit_flip_corruption_test"
Directory: /Users/anshagrawal/Meesho/testwal/mwal/build/test
"bit_flip_corruption_test" start time: Mar 02 23:23 IST
Output:
----------------------------------------------------------
Running main() from /Users/anshagrawal/Meesho/testwal/mwal/build/_deps/googletest-src/googletest/src/gtest_main.cc
[==========] Running 6 tests from 1 test suite.
[----------] Global test environment set-up.
[----------] 6 tests from BitFlipCorruptionTest
[ RUN      ] BitFlipCorruptionTest.TC_CORRUPT_01_BitFlipInCrcField
[       OK ] BitFlipCorruptionTest.TC_CORRUPT_01_BitFlipInCrcField (11 ms)
[ RUN      ] BitFlipCorruptionTest.TC_CORRUPT_02_BitFlipInLengthField
[       OK ] BitFlipCorruptionTest.TC_CORRUPT_02_BitFlipInLengthField (2 ms)
[ RUN      ] BitFlipCorruptionTest.TC_CORRUPT_03_BitFlipInPayload
[       OK ] BitFlipCorruptionTest.TC_CORRUPT_03_BitFlipInPayload (2 ms)
[ RUN      ] BitFlipCorruptionTest.TC_CORRUPT_04_MiddleFragmentTypeToFullType
[       OK ] BitFlipCorruptionTest.TC_CORRUPT_04_MiddleFragmentTypeToFullType (2 ms)
[ RUN      ] BitFlipCorruptionTest.TC_CORRUPT_05_UnknownCompressionPrefix
[       OK ] BitFlipCorruptionTest.TC_CORRUPT_05_UnknownCompressionPrefix (3 ms)
[ RUN      ] BitFlipCorruptionTest.TC_CORRUPT_06_ValidCorruptValidSkipMode
[       OK ] BitFlipCorruptionTest.TC_CORRUPT_06_ValidCorruptValidSkipMode (1 ms)
[----------] 6 tests from BitFlipCorruptionTest (24 ms total)

[----------] Global test environment tear-down
[==========] 6 tests from 1 test suite ran. (24 ms total)
[  PASSED  ] 6 tests.
<end of output>
Test time =   0.56 sec
----------------------------------------------------------
Test Passed.
"bit_flip_corruption_test" end time: Mar 02 23:23 IST
"bit_flip_corruption_test" time elapsed: 00:00:00
----------------------------------------------------------

13/17 Testing: env_error_injection_test
13/17 Test: env_error_injection_test
Command: "/Users/anshagrawal/Meesho/testwal/mwal/build/test/env_error_injection_test"
Directory: /Users/anshagrawal/Meesho/testwal/mwal/build/test
"env_error_injection_test" start time: Mar 02 23:23 IST
Output:
----------------------------------------------------------
Running main() from /Users/anshagrawal/Meesho/testwal/mwal/build/_deps/googletest-src/googletest/src/gtest_main.cc
[==========] Running 7 tests from 1 test suite.
[----------] Global test environment set-up.
[----------] 7 tests from EnvErrorInjectionTest
[ RUN      ] EnvErrorInjectionTest.TC_ENV_01_NewWritableFileFailsAtOpen
[       OK ] EnvErrorInjectionTest.TC_ENV_01_NewWritableFileFailsAtOpen (4 ms)
[ RUN      ] EnvErrorInjectionTest.TC_ENV_02_NewWritableFileFailsDuringRotation
[       OK ] EnvErrorInjectionTest.TC_ENV_02_NewWritableFileFailsDuringRotation (4 ms)
[ RUN      ] EnvErrorInjectionTest.TC_ENV_03_AppendFailsMidWrite
[       OK ] EnvErrorInjectionTest.TC_ENV_03_AppendFailsMidWrite (2 ms)
[ RUN      ] EnvErrorInjectionTest.TC_ENV_04_SyncFailsOnSyncWAL
[       OK ] EnvErrorInjectionTest.TC_ENV_04_SyncFailsOnSyncWAL (5 ms)
[ RUN      ] EnvErrorInjectionTest.TC_ENV_05_GetFileModificationTimeFailsDuringPurge
[       OK ] EnvErrorInjectionTest.TC_ENV_05_GetFileModificationTimeFailsDuringPurge (1 ms)
[ RUN      ] EnvErrorInjectionTest.TC_ENV_06_DirectoryDoesNotExistAtOpen
[       OK ] EnvErrorInjectionTest.TC_ENV_06_DirectoryDoesNotExistAtOpen (1 ms)
[ RUN      ] EnvErrorInjectionTest.TC_ENV_07_ReadOnlyDirectoryAtOpen
[       OK ] EnvErrorInjectionTest.TC_ENV_07_ReadOnlyDirectoryAtOpen (0 ms)
[----------] 7 tests from EnvErrorInjectionTest (20 ms total)

[----------] Global test environment tear-down
[==========] 7 tests from 1 test suite ran. (20 ms total)
[  PASSED  ] 7 tests.
<end of output>
Test time =   0.90 sec
----------------------------------------------------------
Test Passed.
"env_error_injection_test" end time: Mar 02 23:23 IST
"env_error_injection_test" time elapsed: 00:00:00
----------------------------------------------------------

14/17 Testing: back_pressure_test
14/17 Test: back_pressure_test
Command: "/Users/anshagrawal/Meesho/testwal/mwal/build/test/back_pressure_test"
Directory: /Users/anshagrawal/Meesho/testwal/mwal/build/test
"back_pressure_test" start time: Mar 02 23:23 IST
Output:
----------------------------------------------------------
Running main() from /Users/anshagrawal/Meesho/testwal/mwal/build/_deps/googletest-src/googletest/src/gtest_main.cc
[==========] Running 3 tests from 1 test suite.
[----------] Global test environment set-up.
[----------] 3 tests from BackPressureTest
[ RUN      ] BackPressureTest.TC_BP_01_WriteSucceedsAfterPurgeClearsSize
[       OK ] BackPressureTest.TC_BP_01_WriteSucceedsAfterPurgeClearsSize (65 ms)
[ RUN      ] BackPressureTest.TC_BP_02_MultipleThreadsUnblockAfterPurge
[       OK ] BackPressureTest.TC_BP_02_MultipleThreadsUnblockAfterPurge (131 ms)
[ RUN      ] BackPressureTest.TC_BP_03_ZeroDisablesBackPressure
[       OK ] BackPressureTest.TC_BP_03_ZeroDisablesBackPressure (146 ms)
[----------] 3 tests from BackPressureTest (343 ms total)

[----------] Global test environment tear-down
[==========] 3 tests from 1 test suite ran. (343 ms total)
[  PASSED  ] 3 tests.
<end of output>
Test time =   1.27 sec
----------------------------------------------------------
Test Passed.
"back_pressure_test" end time: Mar 02 23:23 IST
"back_pressure_test" time elapsed: 00:00:01
----------------------------------------------------------

15/17 Testing: operational_test
15/17 Test: operational_test
Command: "/Users/anshagrawal/Meesho/testwal/mwal/build/test/operational_test"
Directory: /Users/anshagrawal/Meesho/testwal/mwal/build/test
"operational_test" start time: Mar 02 23:23 IST
Output:
----------------------------------------------------------
Running main() from /Users/anshagrawal/Meesho/testwal/mwal/build/_deps/googletest-src/googletest/src/gtest_main.cc
[==========] Running 6 tests from 1 test suite.
[----------] Global test environment set-up.
[----------] 6 tests from OperationalTest
[ RUN      ] OperationalTest.TC_OPS_01_OpenCompressedWithNoCompressionOptions
[       OK ] OperationalTest.TC_OPS_01_OpenCompressedWithNoCompressionOptions (4 ms)
[ RUN      ] OperationalTest.TC_OPS_02_OpenNonWalFileAsWal
[       OK ] OperationalTest.TC_OPS_02_OpenNonWalFileAsWal (2 ms)
[ RUN      ] OperationalTest.TC_OPS_03_StaleLockFromCrashedProcess
[       OK ] OperationalTest.TC_OPS_03_StaleLockFromCrashedProcess (8 ms)
[ RUN      ] OperationalTest.TC_OPS_04_TwoProcessesRaceToOpen
[       OK ] OperationalTest.TC_OPS_04_TwoProcessesRaceToOpen (2 ms)
[ RUN      ] OperationalTest.TC_OPS_05_WriteAfterCloseReturnsError
[       OK ] OperationalTest.TC_OPS_05_WriteAfterCloseReturnsError (1 ms)
[ RUN      ] OperationalTest.TC_OPS_06_RecoveryCallbackErrorPropagates
[       OK ] OperationalTest.TC_OPS_06_RecoveryCallbackErrorPropagates (2 ms)
[----------] 6 tests from OperationalTest (21 ms total)

[----------] Global test environment tear-down
[==========] 6 tests from 1 test suite ran. (21 ms total)
[  PASSED  ] 6 tests.
<end of output>
Test time =   0.57 sec
----------------------------------------------------------
Test Passed.
"operational_test" end time: Mar 02 23:23 IST
"operational_test" time elapsed: 00:00:00
----------------------------------------------------------

16/17 Testing: write_coalescer_test
16/17 Test: write_coalescer_test
Command: "/Users/anshagrawal/Meesho/testwal/mwal/build/test/write_coalescer_test"
Directory: /Users/anshagrawal/Meesho/testwal/mwal/build/test
"write_coalescer_test" start time: Mar 02 23:23 IST
Output:
----------------------------------------------------------
Running main() from /Users/anshagrawal/Meesho/testwal/mwal/build/_deps/googletest-src/googletest/src/gtest_main.cc
[==========] Running 20 tests from 2 test suites.
[----------] Global test environment set-up.
[----------] 14 tests from WriteCoalescerTest
[ RUN      ] WriteCoalescerTest.SingleSubmit
[       OK ] WriteCoalescerTest.SingleSubmit (0 ms)
[ RUN      ] WriteCoalescerTest.MultipleProducers
[       OK ] WriteCoalescerTest.MultipleProducers (4 ms)
[ RUN      ] WriteCoalescerTest.BackPressureBlocksWhenFull
[       OK ] WriteCoalescerTest.BackPressureBlocksWhenFull (105 ms)
[ RUN      ] WriteCoalescerTest.ShutdownDrainsPending
[       OK ] WriteCoalescerTest.ShutdownDrainsPending (2 ms)
[ RUN      ] WriteCoalescerTest.ErrorPropagation
[       OK ] WriteCoalescerTest.ErrorPropagation (0 ms)
[ RUN      ] WriteCoalescerTest.TimeBasedFlushFiresWithPendingBatches
[       OK ] WriteCoalescerTest.TimeBasedFlushFiresWithPendingBatches (0 ms)
[ RUN      ] WriteCoalescerTest.TimeBasedFlushDisabledWhenIntervalZero
[       OK ] WriteCoalescerTest.TimeBasedFlushDisabledWhenIntervalZero (0 ms)
[ RUN      ] WriteCoalescerTest.MultipleBatchesFlushedTogetherOnTimeout
[       OK ] WriteCoalescerTest.MultipleBatchesFlushedTogetherOnTimeout (0 ms)
[ RUN      ] WriteCoalescerTest.SubmitBeforeTimeoutWakesWriter
[       OK ] WriteCoalescerTest.SubmitBeforeTimeoutWakesWriter (25 ms)
[ RUN      ] WriteCoalescerTest.TimeoutAndStopDrainsPending
[       OK ] WriteCoalescerTest.TimeoutAndStopDrainsPending (0 ms)
[ RUN      ] WriteCoalescerTest.BackPressureWithTimeout
[       OK ] WriteCoalescerTest.BackPressureWithTimeout (154 ms)
[ RUN      ] WriteCoalescerTest.ErrorPropagationOnTimeoutFlush
[       OK ] WriteCoalescerTest.ErrorPropagationOnTimeoutFlush (0 ms)
[ RUN      ] WriteCoalescerTest.NoDoubleFlush
[       OK ] WriteCoalescerTest.NoDoubleFlush (0 ms)
[ RUN      ] WriteCoalescerTest.IdleLatencyBoundedByInterval
[       OK ] WriteCoalescerTest.IdleLatencyBoundedByInterval (0 ms)
[----------] 14 tests from WriteCoalescerTest (292 ms total)

[----------] 6 tests from CoalescerIntegrationTest
[ RUN      ] CoalescerIntegrationTest.AsyncWritesThroughCoalescer
[       OK ] CoalescerIntegrationTest.AsyncWritesThroughCoalescer (5 ms)
[ RUN      ] CoalescerIntegrationTest.SyncWritesBypassCoalescer
[       OK ] CoalescerIntegrationTest.SyncWritesBypassCoalescer (54 ms)
[ RUN      ] CoalescerIntegrationTest.MixedSyncAsyncWrites
[       OK ] CoalescerIntegrationTest.MixedSyncAsyncWrites (355 ms)
[ RUN      ] CoalescerIntegrationTest.DisabledCoalescerUsesGroupCommit
[       OK ] CoalescerIntegrationTest.DisabledCoalescerUsesGroupCommit (4 ms)
[ RUN      ] CoalescerIntegrationTest.RecoveryAfterCoalescedWrites
[       OK ] CoalescerIntegrationTest.RecoveryAfterCoalescedWrites (8 ms)
[ RUN      ] CoalescerIntegrationTest.IntegrationTimeBasedFlushRecovery
[       OK ] CoalescerIntegrationTest.IntegrationTimeBasedFlushRecovery (3 ms)
[----------] 6 tests from CoalescerIntegrationTest (433 ms total)

[----------] Global test environment tear-down
[==========] 20 tests from 2 test suites ran. (726 ms total)
[  PASSED  ] 20 tests.
<end of output>
Test time =   0.74 sec
----------------------------------------------------------
Test Passed.
"write_coalescer_test" end time: Mar 02 23:23 IST
"write_coalescer_test" time elapsed: 00:00:00
----------------------------------------------------------

17/17 Testing: recover_empty_log_test
17/17 Test: recover_empty_log_test
Command: "/Users/anshagrawal/Meesho/testwal/mwal/build/test/recover_empty_log_test"
Directory: /Users/anshagrawal/Meesho/testwal/mwal/build/test
"recover_empty_log_test" start time: Mar 02 23:23 IST
Output:
----------------------------------------------------------
Running main() from /Users/anshagrawal/Meesho/testwal/mwal/build/_deps/googletest-src/googletest/src/gtest_main.cc
[==========] Running 1 test from 1 test suite.
[----------] Global test environment set-up.
[----------] 1 test from RecoverEmptyLogTest
[ RUN      ] RecoverEmptyLogTest.EmptyLogAfterRecovery
[       OK ] RecoverEmptyLogTest.EmptyLogAfterRecovery (9 ms)
[----------] 1 test from RecoverEmptyLogTest (9 ms total)

[----------] Global test environment tear-down
[==========] 1 test from 1 test suite ran. (9 ms total)
[  PASSED  ] 1 test.
<end of output>
Test time =   0.56 sec
----------------------------------------------------------
Test Passed.
"recover_empty_log_test" end time: Mar 02 23:23 IST
"recover_empty_log_test" time elapsed: 00:00:00
----------------------------------------------------------

End testing: Mar 02 23:23 IST
